{"D:\\Proyecto CMMS\\GoMaint\\BACK\\controllers\\clienteController.js": {"path":"D:\\Proyecto CMMS\\GoMaint\\BACK\\controllers\\clienteController.js","statementMap":{"0":{"start":{"line":1,"column":15},"end":{"line":1,"column":46}},"1":{"start":{"line":3,"column":0},"end":{"line":23,"column":2}},"2":{"start":{"line":4,"column":17},"end":{"line":4,"column":27}},"3":{"start":{"line":5,"column":2},"end":{"line":22,"column":3}},"4":{"start":{"line":6,"column":21},"end":{"line":16,"column":6}},"5":{"start":{"line":18,"column":4},"end":{"line":18,"column":35}},"6":{"start":{"line":20,"column":4},"end":{"line":20,"column":23}},"7":{"start":{"line":21,"column":4},"end":{"line":21,"column":56}},"8":{"start":{"line":25,"column":0},"end":{"line":83,"column":2}},"9":{"start":{"line":26,"column":17},"end":{"line":26,"column":27}},"10":{"start":{"line":27,"column":2},"end":{"line":82,"column":3}},"11":{"start":{"line":28,"column":43},"end":{"line":28,"column":51}},"12":{"start":{"line":31,"column":28},"end":{"line":33,"column":6}},"13":{"start":{"line":35,"column":4},"end":{"line":37,"column":5}},"14":{"start":{"line":36,"column":6},"end":{"line":36,"column":68}},"15":{"start":{"line":40,"column":4},"end":{"line":42,"column":5}},"16":{"start":{"line":41,"column":6},"end":{"line":41,"column":89}},"17":{"start":{"line":45,"column":20},"end":{"line":62,"column":6}},"18":{"start":{"line":65,"column":23},"end":{"line":65,"column":39}},"19":{"start":{"line":67,"column":31},"end":{"line":76,"column":6}},"20":{"start":{"line":78,"column":4},"end":{"line":78,"column":85}},"21":{"start":{"line":80,"column":4},"end":{"line":80,"column":23}},"22":{"start":{"line":81,"column":4},"end":{"line":81,"column":56}},"23":{"start":{"line":85,"column":0},"end":{"line":147,"column":2}},"24":{"start":{"line":86,"column":17},"end":{"line":86,"column":27}},"25":{"start":{"line":87,"column":2},"end":{"line":146,"column":3}},"26":{"start":{"line":88,"column":15},"end":{"line":88,"column":38}},"27":{"start":{"line":89,"column":43},"end":{"line":89,"column":51}},"28":{"start":{"line":92,"column":29},"end":{"line":94,"column":6}},"29":{"start":{"line":96,"column":4},"end":{"line":98,"column":5}},"30":{"start":{"line":97,"column":6},"end":{"line":97,"column":72}},"31":{"start":{"line":101,"column":4},"end":{"line":109,"column":5}},"32":{"start":{"line":102,"column":28},"end":{"line":104,"column":8}},"33":{"start":{"line":106,"column":6},"end":{"line":108,"column":7}},"34":{"start":{"line":107,"column":8},"end":{"line":107,"column":91}},"35":{"start":{"line":112,"column":4},"end":{"line":114,"column":5}},"36":{"start":{"line":113,"column":6},"end":{"line":113,"column":89}},"37":{"start":{"line":117,"column":22},"end":{"line":124,"column":6}},"38":{"start":{"line":127,"column":31},"end":{"line":140,"column":6}},"39":{"start":{"line":142,"column":4},"end":{"line":142,"column":90}},"40":{"start":{"line":144,"column":4},"end":{"line":144,"column":23}},"41":{"start":{"line":145,"column":4},"end":{"line":145,"column":56}},"42":{"start":{"line":148,"column":0},"end":{"line":177,"column":2}},"43":{"start":{"line":149,"column":17},"end":{"line":149,"column":27}},"44":{"start":{"line":150,"column":2},"end":{"line":176,"column":3}},"45":{"start":{"line":151,"column":22},"end":{"line":151,"column":45}},"46":{"start":{"line":154,"column":20},"end":{"line":156,"column":6}},"47":{"start":{"line":158,"column":4},"end":{"line":160,"column":5}},"48":{"start":{"line":159,"column":6},"end":{"line":159,"column":72}},"49":{"start":{"line":163,"column":22},"end":{"line":170,"column":6}},"50":{"start":{"line":172,"column":4},"end":{"line":172,"column":72}},"51":{"start":{"line":174,"column":4},"end":{"line":174,"column":23}},"52":{"start":{"line":175,"column":4},"end":{"line":175,"column":56}},"53":{"start":{"line":178,"column":0},"end":{"line":203,"column":2}},"54":{"start":{"line":179,"column":17},"end":{"line":179,"column":27}},"55":{"start":{"line":180,"column":2},"end":{"line":202,"column":3}},"56":{"start":{"line":181,"column":19},"end":{"line":181,"column":44}},"57":{"start":{"line":184,"column":17},"end":{"line":186,"column":6}},"58":{"start":{"line":188,"column":4},"end":{"line":190,"column":5}},"59":{"start":{"line":189,"column":6},"end":{"line":189,"column":69}},"60":{"start":{"line":193,"column":28},"end":{"line":196,"column":6}},"61":{"start":{"line":198,"column":4},"end":{"line":198,"column":81}},"62":{"start":{"line":200,"column":4},"end":{"line":200,"column":23}},"63":{"start":{"line":201,"column":4},"end":{"line":201,"column":56}}},"fnMap":{"0":{"name":"(anonymous_0)","decl":{"start":{"line":3,"column":17},"end":{"line":3,"column":18}},"loc":{"start":{"line":3,"column":37},"end":{"line":23,"column":1}},"line":3},"1":{"name":"(anonymous_1)","decl":{"start":{"line":25,"column":20},"end":{"line":25,"column":21}},"loc":{"start":{"line":25,"column":40},"end":{"line":83,"column":1}},"line":25},"2":{"name":"(anonymous_2)","decl":{"start":{"line":85,"column":21},"end":{"line":85,"column":22}},"loc":{"start":{"line":85,"column":41},"end":{"line":147,"column":1}},"line":85},"3":{"name":"(anonymous_3)","decl":{"start":{"line":148,"column":22},"end":{"line":148,"column":23}},"loc":{"start":{"line":148,"column":42},"end":{"line":177,"column":1}},"line":148},"4":{"name":"(anonymous_4)","decl":{"start":{"line":178,"column":23},"end":{"line":178,"column":24}},"loc":{"start":{"line":178,"column":43},"end":{"line":203,"column":1}},"line":178}},"branchMap":{"0":{"loc":{"start":{"line":21,"column":34},"end":{"line":21,"column":52}},"type":"binary-expr","locations":[{"start":{"line":21,"column":34},"end":{"line":21,"column":45}},{"start":{"line":21,"column":49},"end":{"line":21,"column":52}}],"line":21},"1":{"loc":{"start":{"line":35,"column":4},"end":{"line":37,"column":5}},"type":"if","locations":[{"start":{"line":35,"column":4},"end":{"line":37,"column":5}},{"start":{},"end":{}}],"line":35},"2":{"loc":{"start":{"line":40,"column":4},"end":{"line":42,"column":5}},"type":"if","locations":[{"start":{"line":40,"column":4},"end":{"line":42,"column":5}},{"start":{},"end":{}}],"line":40},"3":{"loc":{"start":{"line":40,"column":8},"end":{"line":40,"column":75}},"type":"binary-expr","locations":[{"start":{"line":40,"column":8},"end":{"line":40,"column":22}},{"start":{"line":40,"column":26},"end":{"line":40,"column":47}},{"start":{"line":40,"column":51},"end":{"line":40,"column":75}}],"line":40},"4":{"loc":{"start":{"line":54,"column":22},"end":{"line":54,"column":50}},"type":"binary-expr","locations":[{"start":{"line":54,"column":22},"end":{"line":54,"column":42}},{"start":{"line":54,"column":46},"end":{"line":54,"column":50}}],"line":54},"5":{"loc":{"start":{"line":81,"column":34},"end":{"line":81,"column":52}},"type":"binary-expr","locations":[{"start":{"line":81,"column":34},"end":{"line":81,"column":45}},{"start":{"line":81,"column":49},"end":{"line":81,"column":52}}],"line":81},"6":{"loc":{"start":{"line":96,"column":4},"end":{"line":98,"column":5}},"type":"if","locations":[{"start":{"line":96,"column":4},"end":{"line":98,"column":5}},{"start":{},"end":{}}],"line":96},"7":{"loc":{"start":{"line":101,"column":4},"end":{"line":109,"column":5}},"type":"if","locations":[{"start":{"line":101,"column":4},"end":{"line":109,"column":5}},{"start":{},"end":{}}],"line":101},"8":{"loc":{"start":{"line":101,"column":8},"end":{"line":101,"column":43}},"type":"binary-expr","locations":[{"start":{"line":101,"column":8},"end":{"line":101,"column":11}},{"start":{"line":101,"column":15},"end":{"line":101,"column":43}}],"line":101},"9":{"loc":{"start":{"line":106,"column":6},"end":{"line":108,"column":7}},"type":"if","locations":[{"start":{"line":106,"column":6},"end":{"line":108,"column":7}},{"start":{},"end":{}}],"line":106},"10":{"loc":{"start":{"line":106,"column":10},"end":{"line":106,"column":50}},"type":"binary-expr","locations":[{"start":{"line":106,"column":10},"end":{"line":106,"column":23}},{"start":{"line":106,"column":27},"end":{"line":106,"column":50}}],"line":106},"11":{"loc":{"start":{"line":112,"column":4},"end":{"line":114,"column":5}},"type":"if","locations":[{"start":{"line":112,"column":4},"end":{"line":114,"column":5}},{"start":{},"end":{}}],"line":112},"12":{"loc":{"start":{"line":112,"column":8},"end":{"line":112,"column":75}},"type":"binary-expr","locations":[{"start":{"line":112,"column":8},"end":{"line":112,"column":22}},{"start":{"line":112,"column":26},"end":{"line":112,"column":47}},{"start":{"line":112,"column":51},"end":{"line":112,"column":75}}],"line":112},"13":{"loc":{"start":{"line":121,"column":16},"end":{"line":121,"column":44}},"type":"binary-expr","locations":[{"start":{"line":121,"column":16},"end":{"line":121,"column":36}},{"start":{"line":121,"column":40},"end":{"line":121,"column":44}}],"line":121},"14":{"loc":{"start":{"line":145,"column":34},"end":{"line":145,"column":52}},"type":"binary-expr","locations":[{"start":{"line":145,"column":34},"end":{"line":145,"column":45}},{"start":{"line":145,"column":49},"end":{"line":145,"column":52}}],"line":145},"15":{"loc":{"start":{"line":158,"column":4},"end":{"line":160,"column":5}},"type":"if","locations":[{"start":{"line":158,"column":4},"end":{"line":160,"column":5}},{"start":{},"end":{}}],"line":158},"16":{"loc":{"start":{"line":167,"column":16},"end":{"line":167,"column":39}},"type":"binary-expr","locations":[{"start":{"line":167,"column":16},"end":{"line":167,"column":31}},{"start":{"line":167,"column":35},"end":{"line":167,"column":39}}],"line":167},"17":{"loc":{"start":{"line":175,"column":34},"end":{"line":175,"column":52}},"type":"binary-expr","locations":[{"start":{"line":175,"column":34},"end":{"line":175,"column":45}},{"start":{"line":175,"column":49},"end":{"line":175,"column":52}}],"line":175},"18":{"loc":{"start":{"line":188,"column":4},"end":{"line":190,"column":5}},"type":"if","locations":[{"start":{"line":188,"column":4},"end":{"line":190,"column":5}},{"start":{},"end":{}}],"line":188},"19":{"loc":{"start":{"line":201,"column":34},"end":{"line":201,"column":52}},"type":"binary-expr","locations":[{"start":{"line":201,"column":34},"end":{"line":201,"column":45}},{"start":{"line":201,"column":49},"end":{"line":201,"column":52}}],"line":201}},"s":{"0":1,"1":1,"2":2,"3":2,"4":2,"5":1,"6":1,"7":1,"8":1,"9":6,"10":6,"11":6,"12":6,"13":5,"14":1,"15":4,"16":2,"17":2,"18":1,"19":1,"20":1,"21":2,"22":2,"23":1,"24":6,"25":6,"26":6,"27":6,"28":6,"29":5,"30":1,"31":4,"32":3,"33":3,"34":1,"35":3,"36":1,"37":2,"38":1,"39":1,"40":2,"41":2,"42":1,"43":4,"44":4,"45":4,"46":4,"47":3,"48":1,"49":2,"50":1,"51":2,"52":2,"53":1,"54":3,"55":3,"56":3,"57":3,"58":2,"59":1,"60":1,"61":1,"62":1,"63":1},"f":{"0":2,"1":6,"2":6,"3":4,"4":3},"b":{"0":[1,0],"1":[1,4],"2":[2,2],"3":[4,3,3],"4":[2,1],"5":[2,0],"6":[1,4],"7":[3,1],"8":[4,4],"9":[1,2],"10":[3,1],"11":[1,2],"12":[3,2,2],"13":[2,1],"14":[2,0],"15":[1,2],"16":[2,2],"17":[2,0],"18":[1,1],"19":[1,0]},"_coverageSchema":"1a1c01bbd47fc00a2c39e90264f33305004495a9","hash":"189afcbbc45fa443cfec7b6f9e27eec2b21e4dca"}
,"D:\\Proyecto CMMS\\GoMaint\\BACK\\controllers\\equipoController.js": {"path":"D:\\Proyecto CMMS\\GoMaint\\BACK\\controllers\\equipoController.js","statementMap":{"0":{"start":{"line":1,"column":22},"end":{"line":1,"column":50}},"1":{"start":{"line":4,"column":0},"end":{"line":37,"column":2}},"2":{"start":{"line":5,"column":17},"end":{"line":5,"column":27}},"3":{"start":{"line":6,"column":2},"end":{"line":36,"column":3}},"4":{"start":{"line":7,"column":20},"end":{"line":31,"column":6}},"5":{"start":{"line":32,"column":4},"end":{"line":32,"column":34}},"6":{"start":{"line":34,"column":4},"end":{"line":34,"column":23}},"7":{"start":{"line":35,"column":4},"end":{"line":35,"column":49}},"8":{"start":{"line":40,"column":0},"end":{"line":93,"column":2}},"9":{"start":{"line":41,"column":17},"end":{"line":41,"column":27}},"10":{"start":{"line":42,"column":2},"end":{"line":42,"column":32}},"11":{"start":{"line":43,"column":2},"end":{"line":92,"column":3}},"12":{"start":{"line":44,"column":31},"end":{"line":44,"column":76}},"13":{"start":{"line":46,"column":28},"end":{"line":48,"column":6}},"14":{"start":{"line":50,"column":4},"end":{"line":52,"column":5}},"15":{"start":{"line":51,"column":6},"end":{"line":51,"column":67}},"16":{"start":{"line":55,"column":24},"end":{"line":72,"column":6}},"17":{"start":{"line":74,"column":4},"end":{"line":86,"column":7}},"18":{"start":{"line":88,"column":4},"end":{"line":88,"column":76}},"19":{"start":{"line":90,"column":4},"end":{"line":90,"column":23}},"20":{"start":{"line":91,"column":4},"end":{"line":91,"column":49}},"21":{"start":{"line":96,"column":0},"end":{"line":163,"column":2}},"22":{"start":{"line":97,"column":17},"end":{"line":97,"column":27}},"23":{"start":{"line":98,"column":2},"end":{"line":98,"column":32}},"24":{"start":{"line":99,"column":2},"end":{"line":99,"column":35}},"25":{"start":{"line":101,"column":2},"end":{"line":162,"column":3}},"26":{"start":{"line":102,"column":31},"end":{"line":102,"column":76}},"27":{"start":{"line":103,"column":15},"end":{"line":103,"column":38}},"28":{"start":{"line":114,"column":8},"end":{"line":114,"column":16}},"29":{"start":{"line":117,"column":4},"end":{"line":119,"column":5}},"30":{"start":{"line":118,"column":6},"end":{"line":118,"column":82}},"31":{"start":{"line":122,"column":25},"end":{"line":122,"column":74}},"32":{"start":{"line":123,"column":4},"end":{"line":125,"column":5}},"33":{"start":{"line":124,"column":6},"end":{"line":124,"column":69}},"34":{"start":{"line":128,"column":39},"end":{"line":155,"column":6}},"35":{"start":{"line":157,"column":4},"end":{"line":157,"column":94}},"36":{"start":{"line":160,"column":4},"end":{"line":160,"column":57}},"37":{"start":{"line":161,"column":4},"end":{"line":161,"column":49}},"38":{"start":{"line":165,"column":0},"end":{"line":212,"column":2}},"39":{"start":{"line":166,"column":17},"end":{"line":166,"column":27}},"40":{"start":{"line":167,"column":2},"end":{"line":167,"column":32}},"41":{"start":{"line":168,"column":2},"end":{"line":168,"column":35}},"42":{"start":{"line":170,"column":2},"end":{"line":211,"column":3}},"43":{"start":{"line":174,"column":15},"end":{"line":174,"column":38}},"44":{"start":{"line":175,"column":28},"end":{"line":175,"column":36}},"45":{"start":{"line":178,"column":4},"end":{"line":180,"column":5}},"46":{"start":{"line":179,"column":6},"end":{"line":179,"column":86}},"47":{"start":{"line":183,"column":26},"end":{"line":196,"column":6}},"48":{"start":{"line":199,"column":4},"end":{"line":202,"column":7}},"49":{"start":{"line":206,"column":4},"end":{"line":208,"column":5}},"50":{"start":{"line":207,"column":6},"end":{"line":207,"column":94}},"51":{"start":{"line":209,"column":4},"end":{"line":209,"column":68}},"52":{"start":{"line":210,"column":4},"end":{"line":210,"column":87}},"53":{"start":{"line":215,"column":0},"end":{"line":239,"column":2}},"54":{"start":{"line":216,"column":17},"end":{"line":216,"column":27}},"55":{"start":{"line":217,"column":2},"end":{"line":238,"column":3}},"56":{"start":{"line":218,"column":31},"end":{"line":218,"column":76}},"57":{"start":{"line":219,"column":15},"end":{"line":219,"column":43}},"58":{"start":{"line":220,"column":4},"end":{"line":220,"column":57}},"59":{"start":{"line":221,"column":27},"end":{"line":228,"column":5}},"60":{"start":{"line":230,"column":4},"end":{"line":232,"column":7}},"61":{"start":{"line":234,"column":4},"end":{"line":234,"column":90}},"62":{"start":{"line":236,"column":4},"end":{"line":236,"column":23}},"63":{"start":{"line":237,"column":4},"end":{"line":237,"column":49}},"64":{"start":{"line":242,"column":0},"end":{"line":267,"column":2}},"65":{"start":{"line":243,"column":17},"end":{"line":243,"column":27}},"66":{"start":{"line":244,"column":2},"end":{"line":266,"column":3}},"67":{"start":{"line":245,"column":31},"end":{"line":245,"column":76}},"68":{"start":{"line":246,"column":15},"end":{"line":246,"column":43}},"69":{"start":{"line":247,"column":27},"end":{"line":247,"column":55}},"70":{"start":{"line":248,"column":27},"end":{"line":256,"column":5}},"71":{"start":{"line":258,"column":4},"end":{"line":260,"column":7}},"72":{"start":{"line":262,"column":4},"end":{"line":262,"column":68}},"73":{"start":{"line":264,"column":4},"end":{"line":264,"column":23}},"74":{"start":{"line":265,"column":4},"end":{"line":265,"column":49}},"75":{"start":{"line":270,"column":0},"end":{"line":290,"column":2}},"76":{"start":{"line":271,"column":17},"end":{"line":271,"column":27}},"77":{"start":{"line":272,"column":2},"end":{"line":289,"column":3}},"78":{"start":{"line":273,"column":15},"end":{"line":273,"column":43}},"79":{"start":{"line":274,"column":28},"end":{"line":274,"column":64}},"80":{"start":{"line":275,"column":27},"end":{"line":279,"column":5}},"81":{"start":{"line":281,"column":4},"end":{"line":283,"column":7}},"82":{"start":{"line":285,"column":4},"end":{"line":285,"column":62}},"83":{"start":{"line":287,"column":4},"end":{"line":287,"column":23}},"84":{"start":{"line":288,"column":4},"end":{"line":288,"column":49}},"85":{"start":{"line":296,"column":0},"end":{"line":319,"column":2}},"86":{"start":{"line":297,"column":17},"end":{"line":297,"column":27}},"87":{"start":{"line":298,"column":2},"end":{"line":318,"column":3}},"88":{"start":{"line":299,"column":15},"end":{"line":299,"column":38}},"89":{"start":{"line":300,"column":4},"end":{"line":302,"column":5}},"90":{"start":{"line":301,"column":6},"end":{"line":301,"column":91}},"91":{"start":{"line":304,"column":22},"end":{"line":304,"column":79}},"92":{"start":{"line":305,"column":4},"end":{"line":307,"column":5}},"93":{"start":{"line":306,"column":6},"end":{"line":306,"column":90}},"94":{"start":{"line":309,"column":4},"end":{"line":312,"column":7}},"95":{"start":{"line":314,"column":4},"end":{"line":314,"column":76}},"96":{"start":{"line":316,"column":4},"end":{"line":316,"column":23}},"97":{"start":{"line":317,"column":4},"end":{"line":317,"column":49}},"98":{"start":{"line":322,"column":0},"end":{"line":337,"column":2}},"99":{"start":{"line":323,"column":17},"end":{"line":323,"column":27}},"100":{"start":{"line":324,"column":2},"end":{"line":336,"column":3}},"101":{"start":{"line":325,"column":20},"end":{"line":331,"column":6}},"102":{"start":{"line":332,"column":4},"end":{"line":332,"column":34}},"103":{"start":{"line":334,"column":4},"end":{"line":334,"column":23}},"104":{"start":{"line":335,"column":4},"end":{"line":335,"column":49}},"105":{"start":{"line":340,"column":0},"end":{"line":383,"column":2}},"106":{"start":{"line":341,"column":17},"end":{"line":341,"column":27}},"107":{"start":{"line":342,"column":2},"end":{"line":382,"column":3}},"108":{"start":{"line":343,"column":15},"end":{"line":343,"column":38}},"109":{"start":{"line":345,"column":19},"end":{"line":372,"column":6}},"110":{"start":{"line":374,"column":4},"end":{"line":376,"column":5}},"111":{"start":{"line":375,"column":6},"end":{"line":375,"column":71}},"112":{"start":{"line":378,"column":4},"end":{"line":378,"column":33}},"113":{"start":{"line":380,"column":4},"end":{"line":380,"column":23}},"114":{"start":{"line":381,"column":4},"end":{"line":381,"column":49}},"115":{"start":{"line":385,"column":0},"end":{"line":476,"column":2}},"116":{"start":{"line":386,"column":17},"end":{"line":386,"column":27}},"117":{"start":{"line":387,"column":2},"end":{"line":475,"column":3}},"118":{"start":{"line":388,"column":44},"end":{"line":388,"column":52}},"119":{"start":{"line":389,"column":17},"end":{"line":389,"column":55}},"120":{"start":{"line":390,"column":17},"end":{"line":390,"column":32}},"121":{"start":{"line":393,"column":18},"end":{"line":393,"column":49}},"122":{"start":{"line":394,"column":24},"end":{"line":394,"column":67}},"123":{"start":{"line":396,"column":4},"end":{"line":407,"column":5}},"124":{"start":{"line":397,"column":23},"end":{"line":397,"column":69}},"125":{"start":{"line":398,"column":6},"end":{"line":406,"column":8}},"126":{"start":{"line":411,"column":4},"end":{"line":443,"column":5}},"127":{"start":{"line":412,"column":19},"end":{"line":412,"column":37}},"128":{"start":{"line":413,"column":6},"end":{"line":432,"column":8}},"129":{"start":{"line":434,"column":6},"end":{"line":442,"column":8}},"130":{"start":{"line":445,"column":16},"end":{"line":445,"column":48}},"131":{"start":{"line":445,"column":35},"end":{"line":445,"column":47}},"132":{"start":{"line":447,"column":32},"end":{"line":466,"column":6}},"133":{"start":{"line":469,"column":20},"end":{"line":469,"column":84}},"134":{"start":{"line":469,"column":34},"end":{"line":469,"column":67}},"135":{"start":{"line":469,"column":55},"end":{"line":469,"column":66}},"136":{"start":{"line":471,"column":4},"end":{"line":471,"column":45}},"137":{"start":{"line":473,"column":4},"end":{"line":473,"column":51}},"138":{"start":{"line":474,"column":4},"end":{"line":474,"column":102}},"139":{"start":{"line":479,"column":0},"end":{"line":505,"column":2}},"140":{"start":{"line":480,"column":17},"end":{"line":480,"column":27}},"141":{"start":{"line":481,"column":2},"end":{"line":504,"column":3}},"142":{"start":{"line":482,"column":20},"end":{"line":499,"column":6}},"143":{"start":{"line":500,"column":4},"end":{"line":500,"column":34}},"144":{"start":{"line":502,"column":4},"end":{"line":502,"column":61}},"145":{"start":{"line":503,"column":4},"end":{"line":503,"column":49}},"146":{"start":{"line":507,"column":0},"end":{"line":523,"column":2}},"147":{"start":{"line":508,"column":17},"end":{"line":508,"column":27}},"148":{"start":{"line":509,"column":43},"end":{"line":509,"column":51}},"149":{"start":{"line":510,"column":2},"end":{"line":510,"column":38}},"150":{"start":{"line":511,"column":2},"end":{"line":511,"column":54}},"151":{"start":{"line":512,"column":2},"end":{"line":522,"column":3}},"152":{"start":{"line":513,"column":30},"end":{"line":516,"column":6}},"153":{"start":{"line":518,"column":4},"end":{"line":518,"column":100}},"154":{"start":{"line":520,"column":4},"end":{"line":520,"column":75}},"155":{"start":{"line":521,"column":4},"end":{"line":521,"column":85}},"156":{"start":{"line":525,"column":0},"end":{"line":539,"column":2}},"157":{"start":{"line":526,"column":17},"end":{"line":526,"column":27}},"158":{"start":{"line":527,"column":19},"end":{"line":527,"column":42}},"159":{"start":{"line":528,"column":2},"end":{"line":528,"column":77}},"160":{"start":{"line":528,"column":23},"end":{"line":528,"column":77}},"161":{"start":{"line":529,"column":2},"end":{"line":538,"column":3}},"162":{"start":{"line":530,"column":17},"end":{"line":533,"column":6}},"163":{"start":{"line":534,"column":4},"end":{"line":534,"column":31}},"164":{"start":{"line":536,"column":4},"end":{"line":536,"column":54}},"165":{"start":{"line":537,"column":4},"end":{"line":537,"column":49}},"166":{"start":{"line":541,"column":0},"end":{"line":568,"column":2}},"167":{"start":{"line":542,"column":17},"end":{"line":542,"column":27}},"168":{"start":{"line":543,"column":2},"end":{"line":567,"column":3}},"169":{"start":{"line":544,"column":20},"end":{"line":562,"column":6}},"170":{"start":{"line":563,"column":4},"end":{"line":563,"column":34}},"171":{"start":{"line":565,"column":4},"end":{"line":565,"column":55}},"172":{"start":{"line":566,"column":4},"end":{"line":566,"column":49}}},"fnMap":{"0":{"name":"(anonymous_0)","decl":{"start":{"line":4,"column":17},"end":{"line":4,"column":18}},"loc":{"start":{"line":4,"column":37},"end":{"line":37,"column":1}},"line":4},"1":{"name":"(anonymous_1)","decl":{"start":{"line":40,"column":20},"end":{"line":40,"column":21}},"loc":{"start":{"line":40,"column":40},"end":{"line":93,"column":1}},"line":40},"2":{"name":"(anonymous_2)","decl":{"start":{"line":96,"column":21},"end":{"line":96,"column":22}},"loc":{"start":{"line":96,"column":41},"end":{"line":163,"column":1}},"line":96},"3":{"name":"(anonymous_3)","decl":{"start":{"line":165,"column":27},"end":{"line":165,"column":28}},"loc":{"start":{"line":165,"column":47},"end":{"line":212,"column":1}},"line":165},"4":{"name":"(anonymous_4)","decl":{"start":{"line":215,"column":27},"end":{"line":215,"column":28}},"loc":{"start":{"line":215,"column":47},"end":{"line":239,"column":1}},"line":215},"5":{"name":"(anonymous_5)","decl":{"start":{"line":242,"column":34},"end":{"line":242,"column":35}},"loc":{"start":{"line":242,"column":54},"end":{"line":267,"column":1}},"line":242},"6":{"name":"(anonymous_6)","decl":{"start":{"line":270,"column":29},"end":{"line":270,"column":30}},"loc":{"start":{"line":270,"column":49},"end":{"line":290,"column":1}},"line":270},"7":{"name":"(anonymous_7)","decl":{"start":{"line":296,"column":33},"end":{"line":296,"column":34}},"loc":{"start":{"line":296,"column":53},"end":{"line":319,"column":1}},"line":296},"8":{"name":"(anonymous_8)","decl":{"start":{"line":322,"column":17},"end":{"line":322,"column":18}},"loc":{"start":{"line":322,"column":37},"end":{"line":337,"column":1}},"line":322},"9":{"name":"(anonymous_9)","decl":{"start":{"line":340,"column":20},"end":{"line":340,"column":21}},"loc":{"start":{"line":340,"column":40},"end":{"line":383,"column":1}},"line":340},"10":{"name":"(anonymous_10)","decl":{"start":{"line":385,"column":24},"end":{"line":385,"column":25}},"loc":{"start":{"line":385,"column":44},"end":{"line":476,"column":1}},"line":385},"11":{"name":"(anonymous_11)","decl":{"start":{"line":445,"column":30},"end":{"line":445,"column":31}},"loc":{"start":{"line":445,"column":35},"end":{"line":445,"column":47}},"line":445},"12":{"name":"(anonymous_12)","decl":{"start":{"line":469,"column":28},"end":{"line":469,"column":29}},"loc":{"start":{"line":469,"column":34},"end":{"line":469,"column":67}},"line":469},"13":{"name":"(anonymous_13)","decl":{"start":{"line":469,"column":50},"end":{"line":469,"column":51}},"loc":{"start":{"line":469,"column":55},"end":{"line":469,"column":66}},"line":469},"14":{"name":"(anonymous_14)","decl":{"start":{"line":479,"column":22},"end":{"line":479,"column":23}},"loc":{"start":{"line":479,"column":42},"end":{"line":505,"column":1}},"line":479},"15":{"name":"(anonymous_15)","decl":{"start":{"line":507,"column":31},"end":{"line":507,"column":32}},"loc":{"start":{"line":507,"column":51},"end":{"line":523,"column":1}},"line":507},"16":{"name":"(anonymous_16)","decl":{"start":{"line":525,"column":25},"end":{"line":525,"column":26}},"loc":{"start":{"line":525,"column":45},"end":{"line":539,"column":1}},"line":525},"17":{"name":"(anonymous_17)","decl":{"start":{"line":541,"column":28},"end":{"line":541,"column":29}},"loc":{"start":{"line":541,"column":48},"end":{"line":568,"column":1}},"line":541}},"branchMap":{"0":{"loc":{"start":{"line":50,"column":4},"end":{"line":52,"column":5}},"type":"if","locations":[{"start":{"line":50,"column":4},"end":{"line":52,"column":5}},{"start":{},"end":{}}],"line":50},"1":{"loc":{"start":{"line":117,"column":4},"end":{"line":119,"column":5}},"type":"if","locations":[{"start":{"line":117,"column":4},"end":{"line":119,"column":5}},{"start":{},"end":{}}],"line":117},"2":{"loc":{"start":{"line":117,"column":8},"end":{"line":117,"column":147}},"type":"binary-expr","locations":[{"start":{"line":117,"column":8},"end":{"line":117,"column":26}},{"start":{"line":117,"column":30},"end":{"line":117,"column":45}},{"start":{"line":117,"column":49},"end":{"line":117,"column":65}},{"start":{"line":117,"column":69},"end":{"line":117,"column":88}},{"start":{"line":117,"column":92},"end":{"line":117,"column":102}},{"start":{"line":117,"column":106},"end":{"line":117,"column":120}},{"start":{"line":117,"column":124},"end":{"line":117,"column":136}},{"start":{"line":117,"column":140},"end":{"line":117,"column":147}}],"line":117},"3":{"loc":{"start":{"line":123,"column":4},"end":{"line":125,"column":5}},"type":"if","locations":[{"start":{"line":123,"column":4},"end":{"line":125,"column":5}},{"start":{},"end":{}}],"line":123},"4":{"loc":{"start":{"line":178,"column":4},"end":{"line":180,"column":5}},"type":"if","locations":[{"start":{"line":178,"column":4},"end":{"line":180,"column":5}},{"start":{},"end":{}}],"line":178},"5":{"loc":{"start":{"line":206,"column":4},"end":{"line":208,"column":5}},"type":"if","locations":[{"start":{"line":206,"column":4},"end":{"line":208,"column":5}},{"start":{},"end":{}}],"line":206},"6":{"loc":{"start":{"line":210,"column":34},"end":{"line":210,"column":83}},"type":"binary-expr","locations":[{"start":{"line":210,"column":34},"end":{"line":210,"column":45}},{"start":{"line":210,"column":49},"end":{"line":210,"column":83}}],"line":210},"7":{"loc":{"start":{"line":300,"column":4},"end":{"line":302,"column":5}},"type":"if","locations":[{"start":{"line":300,"column":4},"end":{"line":302,"column":5}},{"start":{},"end":{}}],"line":300},"8":{"loc":{"start":{"line":305,"column":4},"end":{"line":307,"column":5}},"type":"if","locations":[{"start":{"line":305,"column":4},"end":{"line":307,"column":5}},{"start":{},"end":{}}],"line":305},"9":{"loc":{"start":{"line":374,"column":4},"end":{"line":376,"column":5}},"type":"if","locations":[{"start":{"line":374,"column":4},"end":{"line":376,"column":5}},{"start":{},"end":{}}],"line":374},"10":{"loc":{"start":{"line":388,"column":19},"end":{"line":388,"column":27}},"type":"default-arg","locations":[{"start":{"line":388,"column":26},"end":{"line":388,"column":27}}],"line":388},"11":{"loc":{"start":{"line":388,"column":29},"end":{"line":388,"column":39}},"type":"default-arg","locations":[{"start":{"line":388,"column":37},"end":{"line":388,"column":39}}],"line":388},"12":{"loc":{"start":{"line":394,"column":24},"end":{"line":394,"column":67}},"type":"cond-expr","locations":[{"start":{"line":394,"column":48},"end":{"line":394,"column":60}},{"start":{"line":394,"column":63},"end":{"line":394,"column":67}}],"line":394},"13":{"loc":{"start":{"line":394,"column":24},"end":{"line":394,"column":45}},"type":"binary-expr","locations":[{"start":{"line":394,"column":24},"end":{"line":394,"column":29}},{"start":{"line":394,"column":33},"end":{"line":394,"column":45}}],"line":394},"14":{"loc":{"start":{"line":396,"column":4},"end":{"line":407,"column":5}},"type":"if","locations":[{"start":{"line":396,"column":4},"end":{"line":407,"column":5}},{"start":{},"end":{}}],"line":396},"15":{"loc":{"start":{"line":411,"column":4},"end":{"line":443,"column":5}},"type":"if","locations":[{"start":{"line":411,"column":4},"end":{"line":443,"column":5}},{"start":{"line":433,"column":11},"end":{"line":443,"column":5}}],"line":411},"16":{"loc":{"start":{"line":528,"column":2},"end":{"line":528,"column":77}},"type":"if","locations":[{"start":{"line":528,"column":2},"end":{"line":528,"column":77}},{"start":{},"end":{}}],"line":528}},"s":{"0":1,"1":1,"2":2,"3":2,"4":2,"5":1,"6":1,"7":1,"8":1,"9":3,"10":3,"11":3,"12":3,"13":3,"14":2,"15":1,"16":1,"17":1,"18":1,"19":1,"20":1,"21":1,"22":4,"23":4,"24":4,"25":4,"26":4,"27":4,"28":4,"29":4,"30":1,"31":3,"32":3,"33":1,"34":2,"35":1,"36":1,"37":1,"38":1,"39":6,"40":6,"41":6,"42":6,"43":6,"44":6,"45":6,"46":1,"47":5,"48":3,"49":2,"50":1,"51":1,"52":1,"53":1,"54":2,"55":2,"56":2,"57":2,"58":2,"59":2,"60":2,"61":1,"62":1,"63":1,"64":1,"65":2,"66":2,"67":2,"68":2,"69":2,"70":2,"71":2,"72":1,"73":1,"74":1,"75":1,"76":2,"77":2,"78":2,"79":2,"80":2,"81":2,"82":1,"83":1,"84":1,"85":1,"86":0,"87":0,"88":0,"89":0,"90":0,"91":0,"92":0,"93":0,"94":0,"95":0,"96":0,"97":0,"98":1,"99":2,"100":2,"101":2,"102":1,"103":1,"104":1,"105":1,"106":3,"107":3,"108":3,"109":3,"110":2,"111":1,"112":1,"113":1,"114":1,"115":1,"116":4,"117":4,"118":4,"119":4,"120":4,"121":4,"122":4,"123":4,"124":1,"125":1,"126":4,"127":1,"128":1,"129":3,"130":3,"131":6,"132":3,"133":3,"134":6,"135":10,"136":3,"137":1,"138":1,"139":1,"140":2,"141":2,"142":2,"143":1,"144":1,"145":1,"146":1,"147":2,"148":2,"149":2,"150":2,"151":2,"152":2,"153":1,"154":1,"155":1,"156":1,"157":0,"158":0,"159":0,"160":0,"161":0,"162":0,"163":0,"164":0,"165":0,"166":1,"167":0,"168":0,"169":0,"170":0,"171":0,"172":0},"f":{"0":2,"1":3,"2":4,"3":6,"4":2,"5":2,"6":2,"7":0,"8":2,"9":3,"10":4,"11":6,"12":6,"13":10,"14":2,"15":2,"16":0,"17":0},"b":{"0":[1,1],"1":[1,3],"2":[4,3,3,3,3,3,3,3],"3":[1,2],"4":[1,5],"5":[1,1],"6":[1,0],"7":[0,0],"8":[0,0],"9":[1,1],"10":[1],"11":[1],"12":[1,3],"13":[4,1],"14":[1,3],"15":[1,3],"16":[0,0]},"_coverageSchema":"1a1c01bbd47fc00a2c39e90264f33305004495a9","hash":"469f39f833a63e71cce7cf6cec9e63824a472eee"}
,"D:\\Proyecto CMMS\\GoMaint\\BACK\\controllers\\ingresoController.js": {"path":"D:\\Proyecto CMMS\\GoMaint\\BACK\\controllers\\ingresoController.js","statementMap":{"0":{"start":{"line":6,"column":0},"end":{"line":30,"column":2}},"1":{"start":{"line":7,"column":17},"end":{"line":7,"column":27}},"2":{"start":{"line":8,"column":2},"end":{"line":29,"column":3}},"3":{"start":{"line":9,"column":21},"end":{"line":24,"column":6}},"4":{"start":{"line":25,"column":4},"end":{"line":25,"column":62}},"5":{"start":{"line":27,"column":4},"end":{"line":27,"column":23}},"6":{"start":{"line":28,"column":4},"end":{"line":28,"column":102}},"7":{"start":{"line":32,"column":0},"end":{"line":75,"column":2}},"8":{"start":{"line":33,"column":17},"end":{"line":33,"column":27}},"9":{"start":{"line":35,"column":2},"end":{"line":74,"column":3}},"10":{"start":{"line":37,"column":22},"end":{"line":44,"column":5}},"11":{"start":{"line":45,"column":16},"end":{"line":45,"column":48}},"12":{"start":{"line":45,"column":35},"end":{"line":45,"column":47}},"13":{"start":{"line":47,"column":24},"end":{"line":63,"column":6}},"14":{"start":{"line":66,"column":29},"end":{"line":66,"column":94}},"15":{"start":{"line":66,"column":43},"end":{"line":66,"column":77}},"16":{"start":{"line":66,"column":65},"end":{"line":66,"column":76}},"17":{"start":{"line":69,"column":4},"end":{"line":69,"column":43}},"18":{"start":{"line":72,"column":4},"end":{"line":72,"column":23}},"19":{"start":{"line":73,"column":4},"end":{"line":73,"column":111}},"20":{"start":{"line":79,"column":0},"end":{"line":95,"column":2}},"21":{"start":{"line":80,"column":17},"end":{"line":80,"column":27}},"22":{"start":{"line":81,"column":2},"end":{"line":94,"column":3}},"23":{"start":{"line":82,"column":23},"end":{"line":82,"column":33}},"24":{"start":{"line":83,"column":21},"end":{"line":89,"column":6}},"25":{"start":{"line":90,"column":4},"end":{"line":90,"column":62}},"26":{"start":{"line":92,"column":4},"end":{"line":92,"column":23}},"27":{"start":{"line":93,"column":4},"end":{"line":93,"column":113}},"28":{"start":{"line":100,"column":0},"end":{"line":120,"column":2}},"29":{"start":{"line":101,"column":17},"end":{"line":101,"column":27}},"30":{"start":{"line":102,"column":2},"end":{"line":119,"column":3}},"31":{"start":{"line":103,"column":22},"end":{"line":103,"column":32}},"32":{"start":{"line":104,"column":21},"end":{"line":114,"column":6}},"33":{"start":{"line":115,"column":4},"end":{"line":115,"column":62}},"34":{"start":{"line":117,"column":4},"end":{"line":117,"column":23}},"35":{"start":{"line":118,"column":4},"end":{"line":118,"column":122}},"36":{"start":{"line":125,"column":0},"end":{"line":154,"column":2}},"37":{"start":{"line":126,"column":17},"end":{"line":126,"column":27}},"38":{"start":{"line":127,"column":2},"end":{"line":153,"column":3}},"39":{"start":{"line":128,"column":30},"end":{"line":128,"column":40}},"40":{"start":{"line":129,"column":21},"end":{"line":148,"column":6}},"41":{"start":{"line":149,"column":4},"end":{"line":149,"column":62}},"42":{"start":{"line":151,"column":4},"end":{"line":151,"column":23}},"43":{"start":{"line":152,"column":4},"end":{"line":152,"column":124}},"44":{"start":{"line":158,"column":0},"end":{"line":200,"column":2}},"45":{"start":{"line":159,"column":17},"end":{"line":159,"column":27}},"46":{"start":{"line":160,"column":2},"end":{"line":199,"column":3}},"47":{"start":{"line":161,"column":26},"end":{"line":161,"column":36}},"48":{"start":{"line":164,"column":4},"end":{"line":168,"column":5}},"49":{"start":{"line":165,"column":6},"end":{"line":167,"column":9}},"50":{"start":{"line":171,"column":20},"end":{"line":182,"column":6}},"51":{"start":{"line":185,"column":4},"end":{"line":189,"column":5}},"52":{"start":{"line":186,"column":6},"end":{"line":188,"column":9}},"53":{"start":{"line":192,"column":4},"end":{"line":192,"column":34}},"54":{"start":{"line":194,"column":4},"end":{"line":194,"column":23}},"55":{"start":{"line":195,"column":4},"end":{"line":198,"column":7}},"56":{"start":{"line":204,"column":0},"end":{"line":285,"column":2}},"57":{"start":{"line":205,"column":17},"end":{"line":205,"column":27}},"58":{"start":{"line":206,"column":2},"end":{"line":284,"column":3}},"59":{"start":{"line":207,"column":30},"end":{"line":207,"column":38}},"60":{"start":{"line":210,"column":4},"end":{"line":212,"column":5}},"61":{"start":{"line":211,"column":6},"end":{"line":211,"column":81}},"62":{"start":{"line":213,"column":4},"end":{"line":215,"column":5}},"63":{"start":{"line":214,"column":6},"end":{"line":214,"column":78}},"64":{"start":{"line":218,"column":113},"end":{"line":218,"column":118}},"65":{"start":{"line":219,"column":4},"end":{"line":223,"column":5}},"66":{"start":{"line":220,"column":6},"end":{"line":222,"column":9}},"67":{"start":{"line":226,"column":27},"end":{"line":231,"column":6}},"68":{"start":{"line":233,"column":4},"end":{"line":237,"column":5}},"69":{"start":{"line":234,"column":6},"end":{"line":236,"column":9}},"70":{"start":{"line":240,"column":28},"end":{"line":242,"column":6}},"71":{"start":{"line":243,"column":4},"end":{"line":245,"column":5}},"72":{"start":{"line":244,"column":6},"end":{"line":244,"column":97}},"73":{"start":{"line":248,"column":25},"end":{"line":273,"column":6}},"74":{"start":{"line":276,"column":4},"end":{"line":276,"column":39}},"75":{"start":{"line":279,"column":39},"end":{"line":279,"column":77}},"76":{"start":{"line":280,"column":4},"end":{"line":280,"column":65}},"77":{"start":{"line":282,"column":4},"end":{"line":282,"column":23}},"78":{"start":{"line":283,"column":4},"end":{"line":283,"column":104}},"79":{"start":{"line":290,"column":0},"end":{"line":405,"column":2}},"80":{"start":{"line":291,"column":17},"end":{"line":291,"column":27}},"81":{"start":{"line":292,"column":2},"end":{"line":292,"column":40}},"82":{"start":{"line":293,"column":2},"end":{"line":293,"column":32}},"83":{"start":{"line":294,"column":2},"end":{"line":404,"column":3}},"84":{"start":{"line":295,"column":26},"end":{"line":295,"column":36}},"85":{"start":{"line":306,"column":8},"end":{"line":306,"column":16}},"86":{"start":{"line":309,"column":4},"end":{"line":311,"column":5}},"87":{"start":{"line":310,"column":6},"end":{"line":310,"column":113}},"88":{"start":{"line":314,"column":4},"end":{"line":318,"column":5}},"89":{"start":{"line":315,"column":6},"end":{"line":317,"column":9}},"90":{"start":{"line":321,"column":20},"end":{"line":331,"column":6}},"91":{"start":{"line":333,"column":4},"end":{"line":335,"column":5}},"92":{"start":{"line":334,"column":6},"end":{"line":334,"column":98}},"93":{"start":{"line":337,"column":4},"end":{"line":339,"column":5}},"94":{"start":{"line":338,"column":6},"end":{"line":338,"column":108}},"95":{"start":{"line":342,"column":29},"end":{"line":342,"column":46}},"96":{"start":{"line":343,"column":4},"end":{"line":353,"column":5}},"97":{"start":{"line":345,"column":6},"end":{"line":352,"column":9}},"98":{"start":{"line":356,"column":23},"end":{"line":365,"column":6}},"99":{"start":{"line":368,"column":31},"end":{"line":375,"column":6}},"100":{"start":{"line":378,"column":4},"end":{"line":388,"column":7}},"101":{"start":{"line":391,"column":37},"end":{"line":391,"column":75}},"102":{"start":{"line":392,"column":4},"end":{"line":399,"column":28}},"103":{"start":{"line":402,"column":4},"end":{"line":402,"column":23}},"104":{"start":{"line":403,"column":4},"end":{"line":403,"column":100}}},"fnMap":{"0":{"name":"(anonymous_0)","decl":{"start":{"line":6,"column":33},"end":{"line":6,"column":34}},"loc":{"start":{"line":6,"column":53},"end":{"line":30,"column":1}},"line":6},"1":{"name":"(anonymous_1)","decl":{"start":{"line":32,"column":33},"end":{"line":32,"column":34}},"loc":{"start":{"line":32,"column":53},"end":{"line":75,"column":1}},"line":32},"2":{"name":"(anonymous_2)","decl":{"start":{"line":45,"column":30},"end":{"line":45,"column":31}},"loc":{"start":{"line":45,"column":35},"end":{"line":45,"column":47}},"line":45},"3":{"name":"(anonymous_3)","decl":{"start":{"line":66,"column":37},"end":{"line":66,"column":38}},"loc":{"start":{"line":66,"column":43},"end":{"line":66,"column":77}},"line":66},"4":{"name":"(anonymous_4)","decl":{"start":{"line":66,"column":60},"end":{"line":66,"column":61}},"loc":{"start":{"line":66,"column":65},"end":{"line":66,"column":76}},"line":66},"5":{"name":"(anonymous_5)","decl":{"start":{"line":79,"column":34},"end":{"line":79,"column":35}},"loc":{"start":{"line":79,"column":54},"end":{"line":95,"column":1}},"line":79},"6":{"name":"(anonymous_6)","decl":{"start":{"line":100,"column":41},"end":{"line":100,"column":42}},"loc":{"start":{"line":100,"column":61},"end":{"line":120,"column":1}},"line":100},"7":{"name":"(anonymous_7)","decl":{"start":{"line":125,"column":43},"end":{"line":125,"column":44}},"loc":{"start":{"line":125,"column":63},"end":{"line":154,"column":1}},"line":125},"8":{"name":"(anonymous_8)","decl":{"start":{"line":158,"column":30},"end":{"line":158,"column":31}},"loc":{"start":{"line":158,"column":50},"end":{"line":200,"column":1}},"line":158},"9":{"name":"(anonymous_9)","decl":{"start":{"line":204,"column":27},"end":{"line":204,"column":28}},"loc":{"start":{"line":204,"column":47},"end":{"line":285,"column":1}},"line":204},"10":{"name":"(anonymous_10)","decl":{"start":{"line":290,"column":23},"end":{"line":290,"column":24}},"loc":{"start":{"line":290,"column":43},"end":{"line":405,"column":1}},"line":290}},"branchMap":{"0":{"loc":{"start":{"line":25,"column":25},"end":{"line":25,"column":60}},"type":"cond-expr","locations":[{"start":{"line":25,"column":47},"end":{"line":25,"column":55}},{"start":{"line":25,"column":58},"end":{"line":25,"column":60}}],"line":25},"1":{"loc":{"start":{"line":90,"column":25},"end":{"line":90,"column":60}},"type":"cond-expr","locations":[{"start":{"line":90,"column":47},"end":{"line":90,"column":55}},{"start":{"line":90,"column":58},"end":{"line":90,"column":60}}],"line":90},"2":{"loc":{"start":{"line":115,"column":25},"end":{"line":115,"column":60}},"type":"cond-expr","locations":[{"start":{"line":115,"column":47},"end":{"line":115,"column":55}},{"start":{"line":115,"column":58},"end":{"line":115,"column":60}}],"line":115},"3":{"loc":{"start":{"line":149,"column":25},"end":{"line":149,"column":60}},"type":"cond-expr","locations":[{"start":{"line":149,"column":47},"end":{"line":149,"column":55}},{"start":{"line":149,"column":58},"end":{"line":149,"column":60}}],"line":149},"4":{"loc":{"start":{"line":164,"column":4},"end":{"line":168,"column":5}},"type":"if","locations":[{"start":{"line":164,"column":4},"end":{"line":168,"column":5}},{"start":{},"end":{}}],"line":164},"5":{"loc":{"start":{"line":164,"column":8},"end":{"line":164,"column":48}},"type":"binary-expr","locations":[{"start":{"line":164,"column":8},"end":{"line":164,"column":18}},{"start":{"line":164,"column":22},"end":{"line":164,"column":48}}],"line":164},"6":{"loc":{"start":{"line":185,"column":4},"end":{"line":189,"column":5}},"type":"if","locations":[{"start":{"line":185,"column":4},"end":{"line":189,"column":5}},{"start":{},"end":{}}],"line":185},"7":{"loc":{"start":{"line":210,"column":4},"end":{"line":212,"column":5}},"type":"if","locations":[{"start":{"line":210,"column":4},"end":{"line":212,"column":5}},{"start":{},"end":{}}],"line":210},"8":{"loc":{"start":{"line":213,"column":4},"end":{"line":215,"column":5}},"type":"if","locations":[{"start":{"line":213,"column":4},"end":{"line":215,"column":5}},{"start":{},"end":{}}],"line":213},"9":{"loc":{"start":{"line":219,"column":4},"end":{"line":223,"column":5}},"type":"if","locations":[{"start":{"line":219,"column":4},"end":{"line":223,"column":5}},{"start":{},"end":{}}],"line":219},"10":{"loc":{"start":{"line":219,"column":10},"end":{"line":219,"column":118}},"type":"binary-expr","locations":[{"start":{"line":219,"column":10},"end":{"line":219,"column":27}},{"start":{"line":219,"column":31},"end":{"line":219,"column":57}},{"start":{"line":219,"column":61},"end":{"line":219,"column":71}},{"start":{"line":219,"column":75},"end":{"line":219,"column":81}},{"start":{"line":219,"column":85},"end":{"line":219,"column":96}},{"start":{"line":219,"column":100},"end":{"line":219,"column":105}},{"start":{"line":219,"column":109},"end":{"line":219,"column":118}}],"line":219},"11":{"loc":{"start":{"line":233,"column":4},"end":{"line":237,"column":5}},"type":"if","locations":[{"start":{"line":233,"column":4},"end":{"line":237,"column":5}},{"start":{},"end":{}}],"line":233},"12":{"loc":{"start":{"line":243,"column":4},"end":{"line":245,"column":5}},"type":"if","locations":[{"start":{"line":243,"column":4},"end":{"line":245,"column":5}},{"start":{},"end":{}}],"line":243},"13":{"loc":{"start":{"line":309,"column":4},"end":{"line":311,"column":5}},"type":"if","locations":[{"start":{"line":309,"column":4},"end":{"line":311,"column":5}},{"start":{},"end":{}}],"line":309},"14":{"loc":{"start":{"line":309,"column":8},"end":{"line":309,"column":48}},"type":"binary-expr","locations":[{"start":{"line":309,"column":8},"end":{"line":309,"column":18}},{"start":{"line":309,"column":22},"end":{"line":309,"column":48}}],"line":309},"15":{"loc":{"start":{"line":314,"column":4},"end":{"line":318,"column":5}},"type":"if","locations":[{"start":{"line":314,"column":4},"end":{"line":318,"column":5}},{"start":{},"end":{}}],"line":314},"16":{"loc":{"start":{"line":314,"column":10},"end":{"line":314,"column":93}},"type":"binary-expr","locations":[{"start":{"line":314,"column":10},"end":{"line":314,"column":16}},{"start":{"line":314,"column":20},"end":{"line":314,"column":31}},{"start":{"line":314,"column":35},"end":{"line":314,"column":40}},{"start":{"line":314,"column":44},"end":{"line":314,"column":53}},{"start":{"line":314,"column":57},"end":{"line":314,"column":68}},{"start":{"line":314,"column":72},"end":{"line":314,"column":83}},{"start":{"line":314,"column":87},"end":{"line":314,"column":93}}],"line":314},"17":{"loc":{"start":{"line":333,"column":4},"end":{"line":335,"column":5}},"type":"if","locations":[{"start":{"line":333,"column":4},"end":{"line":335,"column":5}},{"start":{},"end":{}}],"line":333},"18":{"loc":{"start":{"line":337,"column":4},"end":{"line":339,"column":5}},"type":"if","locations":[{"start":{"line":337,"column":4},"end":{"line":339,"column":5}},{"start":{},"end":{}}],"line":337},"19":{"loc":{"start":{"line":343,"column":4},"end":{"line":353,"column":5}},"type":"if","locations":[{"start":{"line":343,"column":4},"end":{"line":353,"column":5}},{"start":{},"end":{}}],"line":343},"20":{"loc":{"start":{"line":393,"column":23},"end":{"line":393,"column":53}},"type":"binary-expr","locations":[{"start":{"line":393,"column":23},"end":{"line":393,"column":47}},{"start":{"line":393,"column":51},"end":{"line":393,"column":53}}],"line":393},"21":{"loc":{"start":{"line":398,"column":20},"end":{"line":398,"column":45}},"type":"binary-expr","locations":[{"start":{"line":398,"column":20},"end":{"line":398,"column":37}},{"start":{"line":398,"column":41},"end":{"line":398,"column":45}}],"line":398}},"s":{"0":1,"1":3,"2":3,"3":3,"4":2,"5":1,"6":1,"7":1,"8":2,"9":2,"10":2,"11":1,"12":2,"13":1,"14":1,"15":2,"16":3,"17":1,"18":1,"19":1,"20":1,"21":3,"22":3,"23":3,"24":3,"25":2,"26":1,"27":1,"28":1,"29":3,"30":3,"31":3,"32":3,"33":2,"34":1,"35":1,"36":1,"37":3,"38":3,"39":3,"40":3,"41":2,"42":1,"43":1,"44":1,"45":4,"46":4,"47":4,"48":4,"49":1,"50":3,"51":2,"52":1,"53":1,"54":1,"55":1,"56":1,"57":6,"58":6,"59":6,"60":6,"61":1,"62":5,"63":1,"64":4,"65":4,"66":1,"67":3,"68":3,"69":1,"70":2,"71":2,"72":1,"73":1,"74":1,"75":1,"76":1,"77":0,"78":0,"79":1,"80":6,"81":6,"82":6,"83":6,"84":6,"85":6,"86":6,"87":1,"88":5,"89":1,"90":4,"91":3,"92":1,"93":2,"94":1,"95":1,"96":1,"97":1,"98":1,"99":1,"100":1,"101":1,"102":1,"103":1,"104":1},"f":{"0":3,"1":2,"2":2,"3":2,"4":3,"5":3,"6":3,"7":3,"8":4,"9":6,"10":6},"b":{"0":[1,1],"1":[1,1],"2":[1,1],"3":[1,1],"4":[1,3],"5":[4,4],"6":[1,1],"7":[1,5],"8":[1,4],"9":[1,3],"10":[4,4,3,3,3,3,3],"11":[1,2],"12":[1,1],"13":[1,5],"14":[6,6],"15":[1,4],"16":[5,5,4,4,4,4,4],"17":[1,2],"18":[1,1],"19":[1,0],"20":[1,0],"21":[1,1]},"_coverageSchema":"1a1c01bbd47fc00a2c39e90264f33305004495a9","hash":"26e2d4abd085bd96e5bd6aade3e88896a81e2af8"}
,"D:\\Proyecto CMMS\\GoMaint\\BACK\\controllers\\usuarioController.js": {"path":"D:\\Proyecto CMMS\\GoMaint\\BACK\\controllers\\usuarioController.js","statementMap":{"0":{"start":{"line":1,"column":15},"end":{"line":1,"column":34}},"1":{"start":{"line":2,"column":22},"end":{"line":2,"column":50}},"2":{"start":{"line":3,"column":53},"end":{"line":3,"column":84}},"3":{"start":{"line":5,"column":22},"end":{"line":9,"column":1}},"4":{"start":{"line":6,"column":16},"end":{"line":6,"column":33}},"5":{"start":{"line":7,"column":18},"end":{"line":7,"column":51}},"6":{"start":{"line":8,"column":2},"end":{"line":8,"column":43}},"7":{"start":{"line":11,"column":0},"end":{"line":31,"column":2}},"8":{"start":{"line":12,"column":17},"end":{"line":12,"column":27}},"9":{"start":{"line":13,"column":2},"end":{"line":30,"column":3}},"10":{"start":{"line":14,"column":19},"end":{"line":14,"column":43}},"11":{"start":{"line":15,"column":21},"end":{"line":25,"column":6}},"12":{"start":{"line":26,"column":4},"end":{"line":26,"column":35}},"13":{"start":{"line":28,"column":4},"end":{"line":28,"column":23}},"14":{"start":{"line":29,"column":4},"end":{"line":29,"column":14}},"15":{"start":{"line":33,"column":19},"end":{"line":33,"column":33}},"16":{"start":{"line":35,"column":0},"end":{"line":69,"column":2}},"17":{"start":{"line":36,"column":18},"end":{"line":36,"column":28}},"18":{"start":{"line":37,"column":2},"end":{"line":68,"column":3}},"19":{"start":{"line":38,"column":25},"end":{"line":38,"column":33}},"20":{"start":{"line":39,"column":4},"end":{"line":41,"column":5}},"21":{"start":{"line":40,"column":6},"end":{"line":40,"column":110}},"22":{"start":{"line":43,"column":25},"end":{"line":45,"column":6}},"23":{"start":{"line":47,"column":4},"end":{"line":49,"column":5}},"24":{"start":{"line":48,"column":6},"end":{"line":48,"column":66}},"25":{"start":{"line":51,"column":17},"end":{"line":51,"column":57}},"26":{"start":{"line":53,"column":20},"end":{"line":61,"column":6}},"27":{"start":{"line":63,"column":4},"end":{"line":63,"column":65}},"28":{"start":{"line":65,"column":4},"end":{"line":65,"column":23}},"29":{"start":{"line":66,"column":4},"end":{"line":66,"column":41}},"30":{"start":{"line":67,"column":4},"end":{"line":67,"column":14}},"31":{"start":{"line":70,"column":0},"end":{"line":119,"column":2}},"32":{"start":{"line":71,"column":19},"end":{"line":71,"column":29}},"33":{"start":{"line":72,"column":19},"end":{"line":72,"column":29}},"34":{"start":{"line":73,"column":28},"end":{"line":73,"column":36}},"35":{"start":{"line":76,"column":28},"end":{"line":76,"column":85}},"36":{"start":{"line":77,"column":4},"end":{"line":79,"column":5}},"37":{"start":{"line":78,"column":8},"end":{"line":78,"column":153}},"38":{"start":{"line":81,"column":4},"end":{"line":118,"column":5}},"39":{"start":{"line":83,"column":29},"end":{"line":85,"column":10}},"40":{"start":{"line":87,"column":8},"end":{"line":89,"column":9}},"41":{"start":{"line":88,"column":12},"end":{"line":88,"column":78}},"42":{"start":{"line":92,"column":21},"end":{"line":92,"column":55}},"43":{"start":{"line":95,"column":35},"end":{"line":108,"column":10}},"44":{"start":{"line":111,"column":8},"end":{"line":111,"column":110}},"45":{"start":{"line":114,"column":8},"end":{"line":114,"column":65}},"46":{"start":{"line":116,"column":8},"end":{"line":116,"column":101}},"47":{"start":{"line":117,"column":8},"end":{"line":117,"column":18}},"48":{"start":{"line":121,"column":0},"end":{"line":164,"column":2}},"49":{"start":{"line":122,"column":2},"end":{"line":163,"column":3}},"50":{"start":{"line":123,"column":20},"end":{"line":125,"column":6}},"51":{"start":{"line":127,"column":4},"end":{"line":129,"column":5}},"52":{"start":{"line":128,"column":6},"end":{"line":128,"column":73}},"53":{"start":{"line":131,"column":4},"end":{"line":133,"column":5}},"54":{"start":{"line":132,"column":6},"end":{"line":132,"column":95}},"55":{"start":{"line":135,"column":20},"end":{"line":135,"column":77}},"56":{"start":{"line":137,"column":4},"end":{"line":139,"column":5}},"57":{"start":{"line":138,"column":6},"end":{"line":138,"column":73}},"58":{"start":{"line":141,"column":24},"end":{"line":141,"column":53}},"59":{"start":{"line":142,"column":25},"end":{"line":142,"column":61}},"60":{"start":{"line":143,"column":28},"end":{"line":143,"column":69}},"61":{"start":{"line":145,"column":4},"end":{"line":152,"column":7}},"62":{"start":{"line":154,"column":4},"end":{"line":158,"column":7}},"63":{"start":{"line":160,"column":4},"end":{"line":160,"column":23}},"64":{"start":{"line":161,"column":4},"end":{"line":161,"column":49}},"65":{"start":{"line":162,"column":4},"end":{"line":162,"column":14}},"66":{"start":{"line":166,"column":0},"end":{"line":206,"column":2}},"67":{"start":{"line":167,"column":27},"end":{"line":167,"column":35}},"68":{"start":{"line":169,"column":2},"end":{"line":171,"column":3}},"69":{"start":{"line":170,"column":4},"end":{"line":170,"column":72}},"70":{"start":{"line":173,"column":2},"end":{"line":205,"column":3}},"71":{"start":{"line":174,"column":22},"end":{"line":174,"column":66}},"72":{"start":{"line":177,"column":26},"end":{"line":183,"column":6}},"73":{"start":{"line":185,"column":4},"end":{"line":187,"column":5}},"74":{"start":{"line":186,"column":6},"end":{"line":186,"column":118}},"75":{"start":{"line":190,"column":24},"end":{"line":190,"column":59}},"76":{"start":{"line":191,"column":21},"end":{"line":191,"column":62}},"77":{"start":{"line":193,"column":4},"end":{"line":199,"column":7}},"78":{"start":{"line":201,"column":4},"end":{"line":201,"column":42}},"79":{"start":{"line":203,"column":4},"end":{"line":203,"column":44}},"80":{"start":{"line":204,"column":4},"end":{"line":204,"column":49}},"81":{"start":{"line":208,"column":0},"end":{"line":229,"column":2}},"82":{"start":{"line":209,"column":27},"end":{"line":209,"column":35}},"83":{"start":{"line":211,"column":2},"end":{"line":213,"column":3}},"84":{"start":{"line":212,"column":4},"end":{"line":212,"column":63}},"85":{"start":{"line":215,"column":2},"end":{"line":228,"column":3}},"86":{"start":{"line":216,"column":22},"end":{"line":216,"column":66}},"87":{"start":{"line":219,"column":4},"end":{"line":222,"column":7}},"88":{"start":{"line":224,"column":4},"end":{"line":224,"column":56}},"89":{"start":{"line":226,"column":4},"end":{"line":226,"column":50}},"90":{"start":{"line":227,"column":4},"end":{"line":227,"column":49}},"91":{"start":{"line":231,"column":0},"end":{"line":257,"column":2}},"92":{"start":{"line":232,"column":17},"end":{"line":232,"column":27}},"93":{"start":{"line":233,"column":2},"end":{"line":256,"column":3}},"94":{"start":{"line":234,"column":25},"end":{"line":234,"column":33}},"95":{"start":{"line":235,"column":4},"end":{"line":237,"column":5}},"96":{"start":{"line":236,"column":6},"end":{"line":236,"column":110}},"97":{"start":{"line":239,"column":19},"end":{"line":239,"column":43}},"98":{"start":{"line":240,"column":20},"end":{"line":249,"column":6}},"99":{"start":{"line":251,"column":4},"end":{"line":251,"column":22}},"100":{"start":{"line":253,"column":4},"end":{"line":253,"column":23}},"101":{"start":{"line":254,"column":4},"end":{"line":254,"column":41}},"102":{"start":{"line":255,"column":4},"end":{"line":255,"column":14}},"103":{"start":{"line":259,"column":0},"end":{"line":279,"column":2}},"104":{"start":{"line":260,"column":13},"end":{"line":260,"column":36}},"105":{"start":{"line":261,"column":2},"end":{"line":261,"column":77}},"106":{"start":{"line":261,"column":11},"end":{"line":261,"column":77}},"107":{"start":{"line":263,"column":2},"end":{"line":278,"column":3}},"108":{"start":{"line":264,"column":19},"end":{"line":264,"column":43}},"109":{"start":{"line":265,"column":31},"end":{"line":269,"column":6}},"110":{"start":{"line":271,"column":4},"end":{"line":274,"column":7}},"111":{"start":{"line":276,"column":4},"end":{"line":276,"column":64}},"112":{"start":{"line":277,"column":4},"end":{"line":277,"column":49}},"113":{"start":{"line":281,"column":0},"end":{"line":311,"column":2}},"114":{"start":{"line":282,"column":17},"end":{"line":282,"column":27}},"115":{"start":{"line":283,"column":2},"end":{"line":310,"column":3}},"116":{"start":{"line":284,"column":19},"end":{"line":284,"column":43}},"117":{"start":{"line":285,"column":20},"end":{"line":285,"column":65}},"118":{"start":{"line":287,"column":4},"end":{"line":291,"column":5}},"119":{"start":{"line":288,"column":6},"end":{"line":290,"column":9}},"120":{"start":{"line":293,"column":20},"end":{"line":296,"column":6}},"121":{"start":{"line":298,"column":4},"end":{"line":304,"column":5}},"122":{"start":{"line":299,"column":6},"end":{"line":299,"column":60}},"123":{"start":{"line":301,"column":6},"end":{"line":303,"column":9}},"124":{"start":{"line":306,"column":4},"end":{"line":306,"column":60}},"125":{"start":{"line":307,"column":4},"end":{"line":309,"column":7}},"126":{"start":{"line":313,"column":0},"end":{"line":337,"column":2}},"127":{"start":{"line":314,"column":17},"end":{"line":314,"column":27}},"128":{"start":{"line":315,"column":26},"end":{"line":315,"column":34}},"129":{"start":{"line":316,"column":13},"end":{"line":316,"column":27}},"130":{"start":{"line":318,"column":26},"end":{"line":318,"column":83}},"131":{"start":{"line":319,"column":2},"end":{"line":321,"column":3}},"132":{"start":{"line":320,"column":4},"end":{"line":320,"column":149}},"133":{"start":{"line":323,"column":2},"end":{"line":336,"column":3}},"134":{"start":{"line":324,"column":20},"end":{"line":324,"column":70}},"135":{"start":{"line":325,"column":4},"end":{"line":325,"column":84}},"136":{"start":{"line":325,"column":18},"end":{"line":325,"column":84}},"137":{"start":{"line":327,"column":27},"end":{"line":327,"column":61}},"138":{"start":{"line":328,"column":4},"end":{"line":331,"column":7}},"139":{"start":{"line":333,"column":4},"end":{"line":333,"column":78}},"140":{"start":{"line":335,"column":4},"end":{"line":335,"column":49}}},"fnMap":{"0":{"name":"(anonymous_0)","decl":{"start":{"line":5,"column":22},"end":{"line":5,"column":23}},"loc":{"start":{"line":5,"column":37},"end":{"line":9,"column":1}},"line":5},"1":{"name":"(anonymous_1)","decl":{"start":{"line":11,"column":17},"end":{"line":11,"column":18}},"loc":{"start":{"line":11,"column":43},"end":{"line":31,"column":1}},"line":11},"2":{"name":"(anonymous_2)","decl":{"start":{"line":35,"column":20},"end":{"line":35,"column":21}},"loc":{"start":{"line":35,"column":46},"end":{"line":69,"column":1}},"line":35},"3":{"name":"(anonymous_3)","decl":{"start":{"line":70,"column":31},"end":{"line":70,"column":32}},"loc":{"start":{"line":70,"column":57},"end":{"line":119,"column":1}},"line":70},"4":{"name":"(anonymous_4)","decl":{"start":{"line":121,"column":19},"end":{"line":121,"column":20}},"loc":{"start":{"line":121,"column":45},"end":{"line":164,"column":1}},"line":121},"5":{"name":"(anonymous_5)","decl":{"start":{"line":166,"column":18},"end":{"line":166,"column":19}},"loc":{"start":{"line":166,"column":38},"end":{"line":206,"column":1}},"line":166},"6":{"name":"(anonymous_6)","decl":{"start":{"line":208,"column":16},"end":{"line":208,"column":17}},"loc":{"start":{"line":208,"column":36},"end":{"line":229,"column":1}},"line":208},"7":{"name":"(anonymous_7)","decl":{"start":{"line":231,"column":21},"end":{"line":231,"column":22}},"loc":{"start":{"line":231,"column":47},"end":{"line":257,"column":1}},"line":231},"8":{"name":"(anonymous_8)","decl":{"start":{"line":259,"column":26},"end":{"line":259,"column":27}},"loc":{"start":{"line":259,"column":46},"end":{"line":279,"column":1}},"line":259},"9":{"name":"(anonymous_9)","decl":{"start":{"line":281,"column":22},"end":{"line":281,"column":23}},"loc":{"start":{"line":281,"column":42},"end":{"line":311,"column":1}},"line":281},"10":{"name":"(anonymous_10)","decl":{"start":{"line":313,"column":28},"end":{"line":313,"column":29}},"loc":{"start":{"line":313,"column":48},"end":{"line":337,"column":1}},"line":313}},"branchMap":{"0":{"loc":{"start":{"line":39,"column":4},"end":{"line":41,"column":5}},"type":"if","locations":[{"start":{"line":39,"column":4},"end":{"line":41,"column":5}},{"start":{},"end":{}}],"line":39},"1":{"loc":{"start":{"line":39,"column":8},"end":{"line":39,"column":46}},"type":"binary-expr","locations":[{"start":{"line":39,"column":8},"end":{"line":39,"column":16}},{"start":{"line":39,"column":20},"end":{"line":39,"column":46}}],"line":39},"2":{"loc":{"start":{"line":47,"column":4},"end":{"line":49,"column":5}},"type":"if","locations":[{"start":{"line":47,"column":4},"end":{"line":49,"column":5}},{"start":{},"end":{}}],"line":47},"3":{"loc":{"start":{"line":59,"column":18},"end":{"line":59,"column":43}},"type":"binary-expr","locations":[{"start":{"line":59,"column":18},"end":{"line":59,"column":35}},{"start":{"line":59,"column":39},"end":{"line":59,"column":43}}],"line":59},"4":{"loc":{"start":{"line":77,"column":4},"end":{"line":79,"column":5}},"type":"if","locations":[{"start":{"line":77,"column":4},"end":{"line":79,"column":5}},{"start":{},"end":{}}],"line":77},"5":{"loc":{"start":{"line":77,"column":8},"end":{"line":77,"column":58}},"type":"binary-expr","locations":[{"start":{"line":77,"column":8},"end":{"line":77,"column":20}},{"start":{"line":77,"column":24},"end":{"line":77,"column":58}}],"line":77},"6":{"loc":{"start":{"line":87,"column":8},"end":{"line":89,"column":9}},"type":"if","locations":[{"start":{"line":87,"column":8},"end":{"line":89,"column":9}},{"start":{},"end":{}}],"line":87},"7":{"loc":{"start":{"line":127,"column":4},"end":{"line":129,"column":5}},"type":"if","locations":[{"start":{"line":127,"column":4},"end":{"line":129,"column":5}},{"start":{},"end":{}}],"line":127},"8":{"loc":{"start":{"line":131,"column":4},"end":{"line":133,"column":5}},"type":"if","locations":[{"start":{"line":131,"column":4},"end":{"line":133,"column":5}},{"start":{},"end":{}}],"line":131},"9":{"loc":{"start":{"line":137,"column":4},"end":{"line":139,"column":5}},"type":"if","locations":[{"start":{"line":137,"column":4},"end":{"line":139,"column":5}},{"start":{},"end":{}}],"line":137},"10":{"loc":{"start":{"line":169,"column":2},"end":{"line":171,"column":3}},"type":"if","locations":[{"start":{"line":169,"column":2},"end":{"line":171,"column":3}},{"start":{},"end":{}}],"line":169},"11":{"loc":{"start":{"line":185,"column":4},"end":{"line":187,"column":5}},"type":"if","locations":[{"start":{"line":185,"column":4},"end":{"line":187,"column":5}},{"start":{},"end":{}}],"line":185},"12":{"loc":{"start":{"line":211,"column":2},"end":{"line":213,"column":3}},"type":"if","locations":[{"start":{"line":211,"column":2},"end":{"line":213,"column":3}},{"start":{},"end":{}}],"line":211},"13":{"loc":{"start":{"line":235,"column":4},"end":{"line":237,"column":5}},"type":"if","locations":[{"start":{"line":235,"column":4},"end":{"line":237,"column":5}},{"start":{},"end":{}}],"line":235},"14":{"loc":{"start":{"line":235,"column":8},"end":{"line":235,"column":46}},"type":"binary-expr","locations":[{"start":{"line":235,"column":8},"end":{"line":235,"column":16}},{"start":{"line":235,"column":20},"end":{"line":235,"column":46}}],"line":235},"15":{"loc":{"start":{"line":247,"column":18},"end":{"line":247,"column":48}},"type":"binary-expr","locations":[{"start":{"line":247,"column":18},"end":{"line":247,"column":35}},{"start":{"line":247,"column":39},"end":{"line":247,"column":48}}],"line":247},"16":{"loc":{"start":{"line":261,"column":2},"end":{"line":261,"column":77}},"type":"if","locations":[{"start":{"line":261,"column":2},"end":{"line":261,"column":77}},{"start":{},"end":{}}],"line":261},"17":{"loc":{"start":{"line":287,"column":4},"end":{"line":291,"column":5}},"type":"if","locations":[{"start":{"line":287,"column":4},"end":{"line":291,"column":5}},{"start":{},"end":{}}],"line":287},"18":{"loc":{"start":{"line":298,"column":4},"end":{"line":304,"column":5}},"type":"if","locations":[{"start":{"line":298,"column":4},"end":{"line":304,"column":5}},{"start":{"line":300,"column":11},"end":{"line":304,"column":5}}],"line":298},"19":{"loc":{"start":{"line":319,"column":2},"end":{"line":321,"column":3}},"type":"if","locations":[{"start":{"line":319,"column":2},"end":{"line":321,"column":3}},{"start":{},"end":{}}],"line":319},"20":{"loc":{"start":{"line":319,"column":6},"end":{"line":319,"column":56}},"type":"binary-expr","locations":[{"start":{"line":319,"column":6},"end":{"line":319,"column":18}},{"start":{"line":319,"column":22},"end":{"line":319,"column":56}}],"line":319},"21":{"loc":{"start":{"line":325,"column":4},"end":{"line":325,"column":84}},"type":"if","locations":[{"start":{"line":325,"column":4},"end":{"line":325,"column":84}},{"start":{},"end":{}}],"line":325}},"s":{"0":1,"1":1,"2":1,"3":1,"4":21,"5":21,"6":21,"7":1,"8":4,"9":4,"10":4,"11":4,"12":2,"13":2,"14":2,"15":1,"16":1,"17":6,"18":6,"19":6,"20":6,"21":1,"22":5,"23":5,"24":1,"25":4,"26":4,"27":2,"28":2,"29":2,"30":2,"31":1,"32":6,"33":6,"34":6,"35":6,"36":6,"37":2,"38":4,"39":4,"40":4,"41":1,"42":3,"43":3,"44":1,"45":2,"46":2,"47":2,"48":1,"49":6,"50":6,"51":4,"52":1,"53":3,"54":1,"55":2,"56":2,"57":1,"58":1,"59":1,"60":1,"61":1,"62":1,"63":2,"64":2,"65":2,"66":1,"67":3,"68":3,"69":1,"70":2,"71":2,"72":2,"73":2,"74":1,"75":1,"76":1,"77":1,"78":1,"79":0,"80":0,"81":1,"82":2,"83":2,"84":1,"85":1,"86":1,"87":1,"88":1,"89":0,"90":0,"91":1,"92":6,"93":6,"94":6,"95":6,"96":1,"97":5,"98":5,"99":3,"100":2,"101":2,"102":2,"103":1,"104":5,"105":5,"106":1,"107":4,"108":4,"109":4,"110":2,"111":2,"112":2,"113":1,"114":8,"115":8,"116":8,"117":8,"118":8,"119":2,"120":6,"121":4,"122":2,"123":2,"124":2,"125":2,"126":1,"127":10,"128":10,"129":10,"130":10,"131":10,"132":4,"133":6,"134":6,"135":6,"136":2,"137":4,"138":4,"139":2,"140":2},"f":{"0":21,"1":4,"2":6,"3":6,"4":6,"5":3,"6":2,"7":6,"8":5,"9":8,"10":10},"b":{"0":[1,5],"1":[6,2],"2":[1,4],"3":[4,3],"4":[2,4],"5":[6,5],"6":[1,3],"7":[1,3],"8":[1,2],"9":[1,1],"10":[1,2],"11":[1,1],"12":[1,1],"13":[1,5],"14":[6,2],"15":[5,4],"16":[1,4],"17":[2,6],"18":[2,2],"19":[4,6],"20":[10,8],"21":[2,4]},"_coverageSchema":"1a1c01bbd47fc00a2c39e90264f33305004495a9","hash":"4fd3934286f1c68680e02008854159aae17baad9"}
,"D:\\Proyecto CMMS\\GoMaint\\BACK\\services\\token.js": {"path":"D:\\Proyecto CMMS\\GoMaint\\BACK\\services\\token.js","statementMap":{"0":{"start":{"line":1,"column":12},"end":{"line":1,"column":35}},"1":{"start":{"line":2,"column":15},"end":{"line":2,"column":32}},"2":{"start":{"line":3,"column":25},"end":{"line":3,"column":50}},"3":{"start":{"line":4,"column":15},"end":{"line":4,"column":33}},"4":{"start":{"line":6,"column":0},"end":{"line":64,"column":2}},"5":{"start":{"line":10,"column":30},"end":{"line":10,"column":49}},"6":{"start":{"line":17,"column":4},"end":{"line":17,"column":59}},"7":{"start":{"line":23,"column":23},"end":{"line":23,"column":52}},"8":{"start":{"line":24,"column":16},"end":{"line":24,"column":33}},"9":{"start":{"line":26,"column":18},"end":{"line":36,"column":5}},"10":{"start":{"line":38,"column":4},"end":{"line":38,"column":17}},"11":{"start":{"line":45,"column":4},"end":{"line":62,"column":5}},"12":{"start":{"line":46,"column":22},"end":{"line":46,"column":60}},"13":{"start":{"line":48,"column":19},"end":{"line":53,"column":8}},"14":{"start":{"line":55,"column":6},"end":{"line":55,"column":27}},"15":{"start":{"line":57,"column":6},"end":{"line":57,"column":76}},"16":{"start":{"line":58,"column":6},"end":{"line":60,"column":7}},"17":{"start":{"line":59,"column":8},"end":{"line":59,"column":31}},"18":{"start":{"line":61,"column":6},"end":{"line":61,"column":19}}},"fnMap":{"0":{"name":"(anonymous_0)","decl":{"start":{"line":10,"column":24},"end":{"line":10,"column":25}},"loc":{"start":{"line":10,"column":30},"end":{"line":10,"column":49}},"line":10},"1":{"name":"(anonymous_1)","decl":{"start":{"line":16,"column":20},"end":{"line":16,"column":21}},"loc":{"start":{"line":17,"column":4},"end":{"line":17,"column":59}},"line":17},"2":{"name":"(anonymous_2)","decl":{"start":{"line":22,"column":10},"end":{"line":22,"column":11}},"loc":{"start":{"line":22,"column":20},"end":{"line":39,"column":3}},"line":22},"3":{"name":"(anonymous_3)","decl":{"start":{"line":44,"column":10},"end":{"line":44,"column":11}},"loc":{"start":{"line":44,"column":27},"end":{"line":63,"column":3}},"line":44}},"branchMap":{"0":{"loc":{"start":{"line":55,"column":13},"end":{"line":55,"column":26}},"type":"binary-expr","locations":[{"start":{"line":55,"column":13},"end":{"line":55,"column":17}},{"start":{"line":55,"column":21},"end":{"line":55,"column":26}}],"line":55},"1":{"loc":{"start":{"line":58,"column":6},"end":{"line":60,"column":7}},"type":"if","locations":[{"start":{"line":58,"column":6},"end":{"line":60,"column":7}},{"start":{},"end":{}}],"line":58}},"s":{"0":5,"1":5,"2":5,"3":5,"4":5,"5":0,"6":5,"7":4,"8":4,"9":4,"10":4,"11":4,"12":4,"13":2,"14":2,"15":2,"16":2,"17":1,"18":1},"f":{"0":0,"1":5,"2":4,"3":4},"b":{"0":[2,1],"1":[1,1]},"_coverageSchema":"1a1c01bbd47fc00a2c39e90264f33305004495a9","hash":"11eedc11a021b02a8fddaea0815242a0c63126fa"}
,"D:\\Proyecto CMMS\\GoMaint\\BACK\\services\\whatsappService.js": {"path":"D:\\Proyecto CMMS\\GoMaint\\BACK\\services\\whatsappService.js","statementMap":{"0":{"start":{"line":1,"column":14},"end":{"line":1,"column":30}},"1":{"start":{"line":2,"column":25},"end":{"line":2,"column":50}},"2":{"start":{"line":4,"column":15},"end":{"line":4,"column":33}},"3":{"start":{"line":6,"column":15},"end":{"line":6,"column":117}},"4":{"start":{"line":9,"column":39},"end":{"line":9,"column":72}},"5":{"start":{"line":13,"column":25},"end":{"line":13,"column":98}},"6":{"start":{"line":16,"column":22},"end":{"line":16,"column":59}},"7":{"start":{"line":24,"column":2},"end":{"line":24,"column":37}},"8":{"start":{"line":36,"column":2},"end":{"line":39,"column":3}},"9":{"start":{"line":37,"column":4},"end":{"line":37,"column":75}},"10":{"start":{"line":38,"column":4},"end":{"line":38,"column":16}},"11":{"start":{"line":41,"column":2},"end":{"line":63,"column":3}},"12":{"start":{"line":42,"column":21},"end":{"line":56,"column":6}},"13":{"start":{"line":58,"column":4},"end":{"line":58,"column":87}},"14":{"start":{"line":59,"column":4},"end":{"line":59,"column":25}},"15":{"start":{"line":61,"column":4},"end":{"line":61,"column":132}},"16":{"start":{"line":62,"column":4},"end":{"line":62,"column":16}},"17":{"start":{"line":73,"column":2},"end":{"line":76,"column":3}},"18":{"start":{"line":74,"column":4},"end":{"line":74,"column":75}},"19":{"start":{"line":75,"column":4},"end":{"line":75,"column":16}},"20":{"start":{"line":78,"column":2},"end":{"line":96,"column":3}},"21":{"start":{"line":79,"column":21},"end":{"line":89,"column":6}},"22":{"start":{"line":91,"column":4},"end":{"line":91,"column":73}},"23":{"start":{"line":92,"column":4},"end":{"line":92,"column":25}},"24":{"start":{"line":94,"column":4},"end":{"line":94,"column":109}},"25":{"start":{"line":95,"column":4},"end":{"line":95,"column":16}},"26":{"start":{"line":107,"column":2},"end":{"line":157,"column":3}},"27":{"start":{"line":108,"column":20},"end":{"line":114,"column":6}},"28":{"start":{"line":116,"column":4},"end":{"line":119,"column":5}},"29":{"start":{"line":117,"column":6},"end":{"line":117,"column":87}},"30":{"start":{"line":118,"column":6},"end":{"line":118,"column":13}},"31":{"start":{"line":121,"column":21},"end":{"line":128,"column":6}},"32":{"start":{"line":130,"column":4},"end":{"line":133,"column":5}},"33":{"start":{"line":131,"column":6},"end":{"line":131,"column":103}},"34":{"start":{"line":132,"column":6},"end":{"line":132,"column":13}},"35":{"start":{"line":135,"column":19},"end":{"line":135,"column":33}},"36":{"start":{"line":136,"column":25},"end":{"line":136,"column":42}},"37":{"start":{"line":137,"column":18},"end":{"line":137,"column":73}},"38":{"start":{"line":139,"column":24},"end":{"line":150,"column":5}},"39":{"start":{"line":152,"column":4},"end":{"line":154,"column":5}},"40":{"start":{"line":153,"column":6},"end":{"line":153,"column":87}},"41":{"start":{"line":156,"column":4},"end":{"line":156,"column":78}},"42":{"start":{"line":179,"column":2},"end":{"line":255,"column":3}},"43":{"start":{"line":181,"column":4},"end":{"line":184,"column":5}},"44":{"start":{"line":182,"column":6},"end":{"line":182,"column":91}},"45":{"start":{"line":183,"column":6},"end":{"line":183,"column":13}},"46":{"start":{"line":187,"column":4},"end":{"line":190,"column":5}},"47":{"start":{"line":188,"column":6},"end":{"line":188,"column":81}},"48":{"start":{"line":189,"column":6},"end":{"line":189,"column":13}},"49":{"start":{"line":192,"column":20},"end":{"line":201,"column":6}},"50":{"start":{"line":203,"column":4},"end":{"line":206,"column":5}},"51":{"start":{"line":204,"column":6},"end":{"line":204,"column":96}},"52":{"start":{"line":205,"column":6},"end":{"line":205,"column":13}},"53":{"start":{"line":211,"column":26},"end":{"line":211,"column":71}},"54":{"start":{"line":212,"column":18},"end":{"line":216,"column":5}},"55":{"start":{"line":218,"column":21},"end":{"line":221,"column":6}},"56":{"start":{"line":223,"column":4},"end":{"line":226,"column":5}},"57":{"start":{"line":224,"column":6},"end":{"line":224,"column":105}},"58":{"start":{"line":225,"column":6},"end":{"line":225,"column":13}},"59":{"start":{"line":228,"column":19},"end":{"line":228,"column":33}},"60":{"start":{"line":229,"column":20},"end":{"line":229,"column":34}},"61":{"start":{"line":230,"column":19},"end":{"line":230,"column":65}},"62":{"start":{"line":231,"column":25},"end":{"line":231,"column":81}},"63":{"start":{"line":233,"column":24},"end":{"line":248,"column":5}},"64":{"start":{"line":250,"column":4},"end":{"line":252,"column":5}},"65":{"start":{"line":251,"column":6},"end":{"line":251,"column":101}},"66":{"start":{"line":254,"column":4},"end":{"line":254,"column":76}},"67":{"start":{"line":258,"column":0},"end":{"line":258,"column":103}}},"fnMap":{"0":{"name":"esE164","decl":{"start":{"line":23,"column":9},"end":{"line":23,"column":15}},"loc":{"start":{"line":23,"column":24},"end":{"line":25,"column":1}},"line":23},"1":{"name":"enviarPlantilla","decl":{"start":{"line":35,"column":15},"end":{"line":35,"column":30}},"loc":{"start":{"line":35,"column":83},"end":{"line":64,"column":1}},"line":35},"2":{"name":"enviarMensajeTexto","decl":{"start":{"line":72,"column":15},"end":{"line":72,"column":33}},"loc":{"start":{"line":72,"column":55},"end":{"line":97,"column":1}},"line":72},"3":{"name":"notificarIngresoEquipo","decl":{"start":{"line":106,"column":15},"end":{"line":106,"column":37}},"loc":{"start":{"line":106,"column":49},"end":{"line":158,"column":1}},"line":106},"4":{"name":"notificarCambioEtapa","decl":{"start":{"line":178,"column":15},"end":{"line":178,"column":35}},"loc":{"start":{"line":178,"column":59},"end":{"line":256,"column":1}},"line":178}},"branchMap":{"0":{"loc":{"start":{"line":36,"column":2},"end":{"line":39,"column":3}},"type":"if","locations":[{"start":{"line":36,"column":2},"end":{"line":39,"column":3}},{"start":{},"end":{}}],"line":36},"1":{"loc":{"start":{"line":61,"column":97},"end":{"line":61,"column":130}},"type":"binary-expr","locations":[{"start":{"line":61,"column":97},"end":{"line":61,"column":115}},{"start":{"line":61,"column":119},"end":{"line":61,"column":130}}],"line":61},"2":{"loc":{"start":{"line":73,"column":2},"end":{"line":76,"column":3}},"type":"if","locations":[{"start":{"line":73,"column":2},"end":{"line":76,"column":3}},{"start":{},"end":{}}],"line":73},"3":{"loc":{"start":{"line":94,"column":74},"end":{"line":94,"column":107}},"type":"binary-expr","locations":[{"start":{"line":94,"column":74},"end":{"line":94,"column":92}},{"start":{"line":94,"column":96},"end":{"line":94,"column":107}}],"line":94},"4":{"loc":{"start":{"line":116,"column":4},"end":{"line":119,"column":5}},"type":"if","locations":[{"start":{"line":116,"column":4},"end":{"line":119,"column":5}},{"start":{},"end":{}}],"line":116},"5":{"loc":{"start":{"line":130,"column":4},"end":{"line":133,"column":5}},"type":"if","locations":[{"start":{"line":130,"column":4},"end":{"line":133,"column":5}},{"start":{},"end":{}}],"line":130},"6":{"loc":{"start":{"line":145,"column":32},"end":{"line":145,"column":71}},"type":"binary-expr","locations":[{"start":{"line":145,"column":32},"end":{"line":145,"column":54}},{"start":{"line":145,"column":58},"end":{"line":145,"column":71}}],"line":145},"7":{"loc":{"start":{"line":147,"column":32},"end":{"line":147,"column":77}},"type":"binary-expr","locations":[{"start":{"line":147,"column":32},"end":{"line":147,"column":56}},{"start":{"line":147,"column":60},"end":{"line":147,"column":77}}],"line":147},"8":{"loc":{"start":{"line":181,"column":4},"end":{"line":184,"column":5}},"type":"if","locations":[{"start":{"line":181,"column":4},"end":{"line":184,"column":5}},{"start":{},"end":{}}],"line":181},"9":{"loc":{"start":{"line":181,"column":8},"end":{"line":181,"column":93}},"type":"binary-expr","locations":[{"start":{"line":181,"column":8},"end":{"line":181,"column":46}},{"start":{"line":181,"column":50},"end":{"line":181,"column":93}}],"line":181},"10":{"loc":{"start":{"line":187,"column":4},"end":{"line":190,"column":5}},"type":"if","locations":[{"start":{"line":187,"column":4},"end":{"line":190,"column":5}},{"start":{},"end":{}}],"line":187},"11":{"loc":{"start":{"line":203,"column":4},"end":{"line":206,"column":5}},"type":"if","locations":[{"start":{"line":203,"column":4},"end":{"line":206,"column":5}},{"start":{},"end":{}}],"line":203},"12":{"loc":{"start":{"line":214,"column":10},"end":{"line":214,"column":41}},"type":"cond-expr","locations":[{"start":{"line":214,"column":26},"end":{"line":214,"column":36}},{"start":{"line":214,"column":39},"end":{"line":214,"column":41}}],"line":214},"13":{"loc":{"start":{"line":223,"column":4},"end":{"line":226,"column":5}},"type":"if","locations":[{"start":{"line":223,"column":4},"end":{"line":226,"column":5}},{"start":{},"end":{}}],"line":223},"14":{"loc":{"start":{"line":230,"column":19},"end":{"line":230,"column":65}},"type":"binary-expr","locations":[{"start":{"line":230,"column":19},"end":{"line":230,"column":49}},{"start":{"line":230,"column":53},"end":{"line":230,"column":65}}],"line":230},"15":{"loc":{"start":{"line":231,"column":25},"end":{"line":231,"column":81}},"type":"binary-expr","locations":[{"start":{"line":231,"column":25},"end":{"line":231,"column":48}},{"start":{"line":231,"column":52},"end":{"line":231,"column":65}},{"start":{"line":231,"column":69},"end":{"line":231,"column":81}}],"line":231},"16":{"loc":{"start":{"line":237,"column":32},"end":{"line":237,"column":64}},"type":"binary-expr","locations":[{"start":{"line":237,"column":32},"end":{"line":237,"column":47}},{"start":{"line":237,"column":51},"end":{"line":237,"column":64}}],"line":237},"17":{"loc":{"start":{"line":240,"column":32},"end":{"line":240,"column":67}},"type":"binary-expr","locations":[{"start":{"line":240,"column":32},"end":{"line":240,"column":58}},{"start":{"line":240,"column":62},"end":{"line":240,"column":67}}],"line":240},"18":{"loc":{"start":{"line":241,"column":32},"end":{"line":241,"column":68}},"type":"binary-expr","locations":[{"start":{"line":241,"column":32},"end":{"line":241,"column":53}},{"start":{"line":241,"column":57},"end":{"line":241,"column":68}}],"line":241},"19":{"loc":{"start":{"line":242,"column":32},"end":{"line":242,"column":71}},"type":"binary-expr","locations":[{"start":{"line":242,"column":32},"end":{"line":242,"column":52}},{"start":{"line":242,"column":56},"end":{"line":242,"column":71}}],"line":242},"20":{"loc":{"start":{"line":243,"column":32},"end":{"line":243,"column":76}},"type":"binary-expr","locations":[{"start":{"line":243,"column":32},"end":{"line":243,"column":53}},{"start":{"line":243,"column":57},"end":{"line":243,"column":76}}],"line":243},"21":{"loc":{"start":{"line":244,"column":32},"end":{"line":244,"column":75}},"type":"binary-expr","locations":[{"start":{"line":244,"column":32},"end":{"line":244,"column":54}},{"start":{"line":244,"column":58},"end":{"line":244,"column":75}}],"line":244}},"s":{"0":1,"1":1,"2":1,"3":1,"4":1,"5":1,"6":1,"7":15,"8":13,"9":1,"10":1,"11":12,"12":12,"13":11,"14":11,"15":1,"16":1,"17":2,"18":1,"19":1,"20":1,"21":1,"22":1,"23":1,"24":0,"25":0,"26":5,"27":5,"28":4,"29":1,"30":1,"31":3,"32":3,"33":1,"34":1,"35":2,"36":2,"37":2,"38":2,"39":2,"40":4,"41":1,"42":9,"43":9,"44":1,"45":1,"46":8,"47":0,"48":0,"49":8,"50":7,"51":1,"52":1,"53":6,"54":6,"55":6,"56":6,"57":0,"58":0,"59":6,"60":6,"61":6,"62":6,"63":6,"64":6,"65":6,"66":1,"67":1},"f":{"0":15,"1":13,"2":2,"3":5,"4":9},"b":{"0":[1,12],"1":[1,0],"2":[1,1],"3":[0,0],"4":[1,3],"5":[1,2],"6":[2,0],"7":[2,0],"8":[1,8],"9":[9,2],"10":[0,8],"11":[1,6],"12":[2,4],"13":[0,6],"14":[6,0],"15":[6,6,0],"16":[6,0],"17":[6,0],"18":[6,0],"19":[6,0],"20":[6,0],"21":[6,0]},"_coverageSchema":"1a1c01bbd47fc00a2c39e90264f33305004495a9","hash":"f044274ca2a7c78a6eecc1dd435d8d30d9693544"}
,"D:\\Proyecto CMMS\\GoMaint\\BACK\\src\\prisma-client.js": {"path":"D:\\Proyecto CMMS\\GoMaint\\BACK\\src\\prisma-client.js","statementMap":{"0":{"start":{"line":1,"column":25},"end":{"line":1,"column":50}},"1":{"start":{"line":2,"column":23},"end":{"line":2,"column":69}},"2":{"start":{"line":4,"column":19},"end":{"line":4,"column":37}},"3":{"start":{"line":7,"column":15},"end":{"line":7,"column":50}},"4":{"start":{"line":10,"column":26},"end":{"line":18,"column":1}},"5":{"start":{"line":11,"column":2},"end":{"line":17,"column":30}},"6":{"start":{"line":20,"column":0},"end":{"line":23,"column":2}}},"fnMap":{"0":{"name":"(anonymous_0)","decl":{"start":{"line":10,"column":26},"end":{"line":10,"column":27}},"loc":{"start":{"line":10,"column":45},"end":{"line":18,"column":1}},"line":10}},"branchMap":{},"s":{"0":1,"1":1,"2":1,"3":1,"4":1,"5":0,"6":1},"f":{"0":0},"b":{},"_coverageSchema":"1a1c01bbd47fc00a2c39e90264f33305004495a9","hash":"0ff19ed3dde4bff01b99b8de6ade8ac07b3e9c59"}
,"D:\\Proyecto CMMS\\GoMaint\\BACK\\src\\middleware\\attachPrisma.js": {"path":"D:\\Proyecto CMMS\\GoMaint\\BACK\\src\\middleware\\attachPrisma.js","statementMap":{"0":{"start":{"line":2,"column":21},"end":{"line":2,"column":52}},"1":{"start":{"line":3,"column":30},"end":{"line":3,"column":57}},"2":{"start":{"line":5,"column":21},"end":{"line":20,"column":1}},"3":{"start":{"line":6,"column":2},"end":{"line":19,"column":3}},"4":{"start":{"line":7,"column":18},"end":{"line":7,"column":35}},"5":{"start":{"line":8,"column":4},"end":{"line":8,"column":58}},"6":{"start":{"line":8,"column":16},"end":{"line":8,"column":58}},"7":{"start":{"line":10,"column":20},"end":{"line":10,"column":52}},"8":{"start":{"line":11,"column":4},"end":{"line":11,"column":73}},"9":{"start":{"line":11,"column":26},"end":{"line":11,"column":73}},"10":{"start":{"line":13,"column":4},"end":{"line":13,"column":51}},"11":{"start":{"line":14,"column":4},"end":{"line":14,"column":11}},"12":{"start":{"line":16,"column":4},"end":{"line":16,"column":47}},"13":{"start":{"line":17,"column":4},"end":{"line":17,"column":22}},"14":{"start":{"line":18,"column":4},"end":{"line":18,"column":11}},"15":{"start":{"line":22,"column":0},"end":{"line":22,"column":30}}},"fnMap":{"0":{"name":"(anonymous_0)","decl":{"start":{"line":5,"column":21},"end":{"line":5,"column":22}},"loc":{"start":{"line":5,"column":47},"end":{"line":20,"column":1}},"line":5}},"branchMap":{"0":{"loc":{"start":{"line":8,"column":4},"end":{"line":8,"column":58}},"type":"if","locations":[{"start":{"line":8,"column":4},"end":{"line":8,"column":58}},{"start":{},"end":{}}],"line":8},"1":{"loc":{"start":{"line":11,"column":4},"end":{"line":11,"column":73}},"type":"if","locations":[{"start":{"line":11,"column":4},"end":{"line":11,"column":73}},{"start":{},"end":{}}],"line":11}},"s":{"0":1,"1":1,"2":1,"3":5,"4":5,"5":5,"6":1,"7":4,"8":3,"9":2,"10":1,"11":1,"12":4,"13":4,"14":4,"15":1},"f":{"0":5},"b":{"0":[1,4],"1":[2,1]},"_coverageSchema":"1a1c01bbd47fc00a2c39e90264f33305004495a9","hash":"7a509a738ed40ab5afdf2e46b4e00b1f2d169db1"}
,"D:\\Proyecto CMMS\\GoMaint\\BACK\\src\\middleware\\auth.js": {"path":"D:\\Proyecto CMMS\\GoMaint\\BACK\\src\\middleware\\auth.js","statementMap":{"0":{"start":{"line":1,"column":22},"end":{"line":1,"column":53}},"1":{"start":{"line":2,"column":30},"end":{"line":2,"column":64}},"2":{"start":{"line":4,"column":21},"end":{"line":35,"column":1}},"3":{"start":{"line":5,"column":2},"end":{"line":34,"column":4}},"4":{"start":{"line":6,"column":18},"end":{"line":6,"column":35}},"5":{"start":{"line":8,"column":4},"end":{"line":10,"column":5}},"6":{"start":{"line":9,"column":6},"end":{"line":9,"column":70}},"7":{"start":{"line":12,"column":31},"end":{"line":12,"column":64}},"8":{"start":{"line":14,"column":4},"end":{"line":16,"column":5}},"9":{"start":{"line":15,"column":6},"end":{"line":15,"column":64}},"10":{"start":{"line":18,"column":4},"end":{"line":20,"column":5}},"11":{"start":{"line":19,"column":6},"end":{"line":19,"column":64}},"12":{"start":{"line":23,"column":4},"end":{"line":23,"column":62}},"13":{"start":{"line":26,"column":4},"end":{"line":31,"column":6}},"14":{"start":{"line":33,"column":4},"end":{"line":33,"column":11}},"15":{"start":{"line":37,"column":0},"end":{"line":48,"column":2}}},"fnMap":{"0":{"name":"(anonymous_0)","decl":{"start":{"line":4,"column":21},"end":{"line":4,"column":22}},"loc":{"start":{"line":4,"column":42},"end":{"line":35,"column":1}},"line":4},"1":{"name":"(anonymous_1)","decl":{"start":{"line":5,"column":9},"end":{"line":5,"column":10}},"loc":{"start":{"line":5,"column":35},"end":{"line":34,"column":3}},"line":5}},"branchMap":{"0":{"loc":{"start":{"line":8,"column":4},"end":{"line":10,"column":5}},"type":"if","locations":[{"start":{"line":8,"column":4},"end":{"line":10,"column":5}},{"start":{},"end":{}}],"line":8},"1":{"loc":{"start":{"line":14,"column":4},"end":{"line":16,"column":5}},"type":"if","locations":[{"start":{"line":14,"column":4},"end":{"line":16,"column":5}},{"start":{},"end":{}}],"line":14},"2":{"loc":{"start":{"line":18,"column":4},"end":{"line":20,"column":5}},"type":"if","locations":[{"start":{"line":18,"column":4},"end":{"line":20,"column":5}},{"start":{},"end":{}}],"line":18}},"s":{"0":1,"1":1,"2":1,"3":10,"4":10,"5":10,"6":1,"7":9,"8":9,"9":1,"10":8,"11":3,"12":5,"13":5,"14":5,"15":1},"f":{"0":10,"1":10},"b":{"0":[1,9],"1":[1,8],"2":[3,5]},"_coverageSchema":"1a1c01bbd47fc00a2c39e90264f33305004495a9","hash":"1f7c4bccbd3f9419a182cc382d6876bba0563380"}
,"D:\\Proyecto CMMS\\GoMaint\\BACK\\src\\middleware\\prisma-audit-extension.js": {"path":"D:\\Proyecto CMMS\\GoMaint\\BACK\\src\\middleware\\prisma-audit-extension.js","statementMap":{"0":{"start":{"line":1,"column":19},"end":{"line":1,"column":44}},"1":{"start":{"line":4,"column":26},"end":{"line":4,"column":38}},"2":{"start":{"line":6,"column":23},"end":{"line":59,"column":2}},"3":{"start":{"line":7,"column":2},"end":{"line":58,"column":5}},"4":{"start":{"line":12,"column":10},"end":{"line":14,"column":11}},"5":{"start":{"line":13,"column":12},"end":{"line":13,"column":31}},"6":{"start":{"line":16,"column":27},"end":{"line":16,"column":31}},"7":{"start":{"line":19,"column":10},"end":{"line":27,"column":11}},"8":{"start":{"line":20,"column":12},"end":{"line":26,"column":13}},"9":{"start":{"line":21,"column":14},"end":{"line":23,"column":17}},"10":{"start":{"line":30,"column":25},"end":{"line":30,"column":42}},"11":{"start":{"line":33,"column":26},"end":{"line":33,"column":30}},"12":{"start":{"line":34,"column":10},"end":{"line":36,"column":11}},"13":{"start":{"line":35,"column":12},"end":{"line":35,"column":31}},"14":{"start":{"line":39,"column":10},"end":{"line":52,"column":11}},"15":{"start":{"line":40,"column":12},"end":{"line":49,"column":15}},"16":{"start":{"line":51,"column":12},"end":{"line":51,"column":71}},"17":{"start":{"line":54,"column":10},"end":{"line":54,"column":24}},"18":{"start":{"line":61,"column":0},"end":{"line":61,"column":32}}},"fnMap":{"0":{"name":"(anonymous_0)","decl":{"start":{"line":6,"column":46},"end":{"line":6,"column":47}},"loc":{"start":{"line":6,"column":58},"end":{"line":59,"column":1}},"line":6},"1":{"name":"(anonymous_1)","decl":{"start":{"line":10,"column":8},"end":{"line":10,"column":9}},"loc":{"start":{"line":10,"column":64},"end":{"line":55,"column":9}},"line":10}},"branchMap":{"0":{"loc":{"start":{"line":12,"column":10},"end":{"line":14,"column":11}},"type":"if","locations":[{"start":{"line":12,"column":10},"end":{"line":14,"column":11}},{"start":{},"end":{}}],"line":12},"1":{"loc":{"start":{"line":12,"column":14},"end":{"line":12,"column":102}},"type":"binary-expr","locations":[{"start":{"line":12,"column":14},"end":{"line":12,"column":47}},{"start":{"line":12,"column":51},"end":{"line":12,"column":102}}],"line":12},"2":{"loc":{"start":{"line":19,"column":10},"end":{"line":27,"column":11}},"type":"if","locations":[{"start":{"line":19,"column":10},"end":{"line":27,"column":11}},{"start":{},"end":{}}],"line":19},"3":{"loc":{"start":{"line":34,"column":10},"end":{"line":36,"column":11}},"type":"if","locations":[{"start":{"line":34,"column":10},"end":{"line":36,"column":11}},{"start":{},"end":{}}],"line":34},"4":{"loc":{"start":{"line":42,"column":24},"end":{"line":42,"column":52}},"type":"binary-expr","locations":[{"start":{"line":42,"column":24},"end":{"line":42,"column":37}},{"start":{"line":42,"column":41},"end":{"line":42,"column":52}}],"line":42},"5":{"loc":{"start":{"line":45,"column":26},"end":{"line":45,"column":62}},"type":"binary-expr","locations":[{"start":{"line":45,"column":26},"end":{"line":45,"column":36}},{"start":{"line":45,"column":40},"end":{"line":45,"column":54}},{"start":{"line":45,"column":58},"end":{"line":45,"column":62}}],"line":45}},"s":{"0":2,"1":2,"2":2,"3":8,"4":7,"5":2,"6":5,"7":5,"8":2,"9":2,"10":5,"11":5,"12":5,"13":4,"14":5,"15":5,"16":1,"17":5,"18":2},"f":{"0":8,"1":7},"b":{"0":[2,5],"1":[7,6],"2":[2,3],"3":[4,1],"4":[5,1],"5":[5,0,0]},"_coverageSchema":"1a1c01bbd47fc00a2c39e90264f33305004495a9","hash":"a97be14332e75a8f6e4f85d28ad24d785aa0fdc7"}
}
