TN:
SF:controllers\clienteController.js
FN:3,(anonymous_0)
FN:25,(anonymous_1)
FN:85,(anonymous_2)
FN:148,(anonymous_3)
FN:178,(anonymous_4)
FNF:5
FNH:5
FNDA:2,(anonymous_0)
FNDA:6,(anonymous_1)
FNDA:6,(anonymous_2)
FNDA:4,(anonymous_3)
FNDA:3,(anonymous_4)
DA:1,1
DA:3,1
DA:4,2
DA:5,2
DA:6,2
DA:18,1
DA:20,1
DA:21,1
DA:25,1
DA:26,6
DA:27,6
DA:28,6
DA:31,6
DA:35,5
DA:36,1
DA:40,4
DA:41,2
DA:45,2
DA:65,1
DA:67,1
DA:78,1
DA:80,2
DA:81,2
DA:85,1
DA:86,6
DA:87,6
DA:88,6
DA:89,6
DA:92,6
DA:96,5
DA:97,1
DA:101,4
DA:102,3
DA:106,3
DA:107,1
DA:112,3
DA:113,1
DA:117,2
DA:127,1
DA:142,1
DA:144,2
DA:145,2
DA:148,1
DA:149,4
DA:150,4
DA:151,4
DA:154,4
DA:158,3
DA:159,1
DA:163,2
DA:172,1
DA:174,2
DA:175,2
DA:178,1
DA:179,3
DA:180,3
DA:181,3
DA:184,3
DA:188,2
DA:189,1
DA:193,1
DA:198,1
DA:200,1
DA:201,1
LF:64
LH:64
BRDA:21,0,0,1
BRDA:21,0,1,0
BRDA:35,1,0,1
BRDA:35,1,1,4
BRDA:40,2,0,2
BRDA:40,2,1,2
BRDA:40,3,0,4
BRDA:40,3,1,3
BRDA:40,3,2,3
BRDA:54,4,0,2
BRDA:54,4,1,1
BRDA:81,5,0,2
BRDA:81,5,1,0
BRDA:96,6,0,1
BRDA:96,6,1,4
BRDA:101,7,0,3
BRDA:101,7,1,1
BRDA:101,8,0,4
BRDA:101,8,1,4
BRDA:106,9,0,1
BRDA:106,9,1,2
BRDA:106,10,0,3
BRDA:106,10,1,1
BRDA:112,11,0,1
BRDA:112,11,1,2
BRDA:112,12,0,3
BRDA:112,12,1,2
BRDA:112,12,2,2
BRDA:121,13,0,2
BRDA:121,13,1,1
BRDA:145,14,0,2
BRDA:145,14,1,0
BRDA:158,15,0,1
BRDA:158,15,1,2
BRDA:167,16,0,2
BRDA:167,16,1,2
BRDA:175,17,0,2
BRDA:175,17,1,0
BRDA:188,18,0,1
BRDA:188,18,1,1
BRDA:201,19,0,1
BRDA:201,19,1,0
BRF:42
BRH:37
end_of_record
TN:
SF:controllers\equipoController.js
FN:4,(anonymous_0)
FN:40,(anonymous_1)
FN:96,(anonymous_2)
FN:165,(anonymous_3)
FN:215,(anonymous_4)
FN:242,(anonymous_5)
FN:270,(anonymous_6)
FN:296,(anonymous_7)
FN:322,(anonymous_8)
FN:340,(anonymous_9)
FN:385,(anonymous_10)
FN:445,(anonymous_11)
FN:469,(anonymous_12)
FN:469,(anonymous_13)
FN:479,(anonymous_14)
FN:507,(anonymous_15)
FN:525,(anonymous_16)
FN:541,(anonymous_17)
FNF:18
FNH:15
FNDA:2,(anonymous_0)
FNDA:3,(anonymous_1)
FNDA:4,(anonymous_2)
FNDA:6,(anonymous_3)
FNDA:2,(anonymous_4)
FNDA:2,(anonymous_5)
FNDA:2,(anonymous_6)
FNDA:0,(anonymous_7)
FNDA:2,(anonymous_8)
FNDA:3,(anonymous_9)
FNDA:4,(anonymous_10)
FNDA:6,(anonymous_11)
FNDA:6,(anonymous_12)
FNDA:10,(anonymous_13)
FNDA:2,(anonymous_14)
FNDA:2,(anonymous_15)
FNDA:0,(anonymous_16)
FNDA:0,(anonymous_17)
DA:1,1
DA:4,1
DA:5,2
DA:6,2
DA:7,2
DA:32,1
DA:34,1
DA:35,1
DA:40,1
DA:41,3
DA:42,3
DA:43,3
DA:44,3
DA:46,3
DA:50,2
DA:51,1
DA:55,1
DA:74,1
DA:88,1
DA:90,1
DA:91,1
DA:96,1
DA:97,4
DA:98,4
DA:99,4
DA:101,4
DA:102,4
DA:103,4
DA:114,4
DA:117,4
DA:118,1
DA:122,3
DA:123,3
DA:124,1
DA:128,2
DA:157,1
DA:160,1
DA:161,1
DA:165,1
DA:166,6
DA:167,6
DA:168,6
DA:170,6
DA:174,6
DA:175,6
DA:178,6
DA:179,1
DA:183,5
DA:199,3
DA:206,2
DA:207,1
DA:209,1
DA:210,1
DA:215,1
DA:216,2
DA:217,2
DA:218,2
DA:219,2
DA:220,2
DA:221,2
DA:230,2
DA:234,1
DA:236,1
DA:237,1
DA:242,1
DA:243,2
DA:244,2
DA:245,2
DA:246,2
DA:247,2
DA:248,2
DA:258,2
DA:262,1
DA:264,1
DA:265,1
DA:270,1
DA:271,2
DA:272,2
DA:273,2
DA:274,2
DA:275,2
DA:281,2
DA:285,1
DA:287,1
DA:288,1
DA:296,1
DA:297,0
DA:298,0
DA:299,0
DA:300,0
DA:301,0
DA:304,0
DA:305,0
DA:306,0
DA:309,0
DA:314,0
DA:316,0
DA:317,0
DA:322,1
DA:323,2
DA:324,2
DA:325,2
DA:332,1
DA:334,1
DA:335,1
DA:340,1
DA:341,3
DA:342,3
DA:343,3
DA:345,3
DA:374,2
DA:375,1
DA:378,1
DA:380,1
DA:381,1
DA:385,1
DA:386,4
DA:387,4
DA:388,4
DA:389,4
DA:390,4
DA:393,4
DA:394,4
DA:396,4
DA:397,1
DA:398,1
DA:411,4
DA:412,1
DA:413,1
DA:434,3
DA:445,6
DA:447,3
DA:469,10
DA:471,3
DA:473,1
DA:474,1
DA:479,1
DA:480,2
DA:481,2
DA:482,2
DA:500,1
DA:502,1
DA:503,1
DA:507,1
DA:508,2
DA:509,2
DA:510,2
DA:511,2
DA:512,2
DA:513,2
DA:518,1
DA:520,1
DA:521,1
DA:525,1
DA:526,0
DA:527,0
DA:528,0
DA:529,0
DA:530,0
DA:534,0
DA:536,0
DA:537,0
DA:541,1
DA:542,0
DA:543,0
DA:544,0
DA:563,0
DA:565,0
DA:566,0
LF:169
LH:143
BRDA:50,0,0,1
BRDA:50,0,1,1
BRDA:117,1,0,1
BRDA:117,1,1,3
BRDA:117,2,0,4
BRDA:117,2,1,3
BRDA:117,2,2,3
BRDA:117,2,3,3
BRDA:117,2,4,3
BRDA:117,2,5,3
BRDA:117,2,6,3
BRDA:117,2,7,3
BRDA:123,3,0,1
BRDA:123,3,1,2
BRDA:178,4,0,1
BRDA:178,4,1,5
BRDA:206,5,0,1
BRDA:206,5,1,1
BRDA:210,6,0,1
BRDA:210,6,1,0
BRDA:300,7,0,0
BRDA:300,7,1,0
BRDA:305,8,0,0
BRDA:305,8,1,0
BRDA:374,9,0,1
BRDA:374,9,1,1
BRDA:388,10,0,1
BRDA:388,11,0,1
BRDA:394,12,0,1
BRDA:394,12,1,3
BRDA:394,13,0,4
BRDA:394,13,1,1
BRDA:396,14,0,1
BRDA:396,14,1,3
BRDA:411,15,0,1
BRDA:411,15,1,3
BRDA:528,16,0,0
BRDA:528,16,1,0
BRF:38
BRH:31
end_of_record
TN:
SF:controllers\ingresoController.js
FN:6,(anonymous_0)
FN:32,(anonymous_1)
FN:45,(anonymous_2)
FN:66,(anonymous_3)
FN:66,(anonymous_4)
FN:79,(anonymous_5)
FN:100,(anonymous_6)
FN:125,(anonymous_7)
FN:158,(anonymous_8)
FN:204,(anonymous_9)
FN:290,(anonymous_10)
FNF:11
FNH:11
FNDA:3,(anonymous_0)
FNDA:2,(anonymous_1)
FNDA:2,(anonymous_2)
FNDA:2,(anonymous_3)
FNDA:3,(anonymous_4)
FNDA:3,(anonymous_5)
FNDA:3,(anonymous_6)
FNDA:3,(anonymous_7)
FNDA:4,(anonymous_8)
FNDA:6,(anonymous_9)
FNDA:6,(anonymous_10)
DA:6,1
DA:7,3
DA:8,3
DA:9,3
DA:25,2
DA:27,1
DA:28,1
DA:32,1
DA:33,2
DA:35,2
DA:37,2
DA:45,2
DA:47,1
DA:66,3
DA:69,1
DA:72,1
DA:73,1
DA:79,1
DA:80,3
DA:81,3
DA:82,3
DA:83,3
DA:90,2
DA:92,1
DA:93,1
DA:100,1
DA:101,3
DA:102,3
DA:103,3
DA:104,3
DA:115,2
DA:117,1
DA:118,1
DA:125,1
DA:126,3
DA:127,3
DA:128,3
DA:129,3
DA:149,2
DA:151,1
DA:152,1
DA:158,1
DA:159,4
DA:160,4
DA:161,4
DA:164,4
DA:165,1
DA:171,3
DA:185,2
DA:186,1
DA:192,1
DA:194,1
DA:195,1
DA:204,1
DA:205,6
DA:206,6
DA:207,6
DA:210,6
DA:211,1
DA:213,5
DA:214,1
DA:218,4
DA:219,4
DA:220,1
DA:226,3
DA:233,3
DA:234,1
DA:240,2
DA:243,2
DA:244,1
DA:248,1
DA:276,1
DA:279,1
DA:280,1
DA:282,0
DA:283,0
DA:290,1
DA:291,6
DA:292,6
DA:293,6
DA:294,6
DA:295,6
DA:306,6
DA:309,6
DA:310,1
DA:314,5
DA:315,1
DA:321,4
DA:333,3
DA:334,1
DA:337,2
DA:338,1
DA:342,1
DA:343,1
DA:345,1
DA:356,1
DA:368,1
DA:378,1
DA:391,1
DA:392,1
DA:402,1
DA:403,1
LF:102
LH:100
BRDA:25,0,0,1
BRDA:25,0,1,1
BRDA:90,1,0,1
BRDA:90,1,1,1
BRDA:115,2,0,1
BRDA:115,2,1,1
BRDA:149,3,0,1
BRDA:149,3,1,1
BRDA:164,4,0,1
BRDA:164,4,1,3
BRDA:164,5,0,4
BRDA:164,5,1,4
BRDA:185,6,0,1
BRDA:185,6,1,1
BRDA:210,7,0,1
BRDA:210,7,1,5
BRDA:213,8,0,1
BRDA:213,8,1,4
BRDA:219,9,0,1
BRDA:219,9,1,3
BRDA:219,10,0,4
BRDA:219,10,1,4
BRDA:219,10,2,3
BRDA:219,10,3,3
BRDA:219,10,4,3
BRDA:219,10,5,3
BRDA:219,10,6,3
BRDA:233,11,0,1
BRDA:233,11,1,2
BRDA:243,12,0,1
BRDA:243,12,1,1
BRDA:309,13,0,1
BRDA:309,13,1,5
BRDA:309,14,0,6
BRDA:309,14,1,6
BRDA:314,15,0,1
BRDA:314,15,1,4
BRDA:314,16,0,5
BRDA:314,16,1,5
BRDA:314,16,2,4
BRDA:314,16,3,4
BRDA:314,16,4,4
BRDA:314,16,5,4
BRDA:314,16,6,4
BRDA:333,17,0,1
BRDA:333,17,1,2
BRDA:337,18,0,1
BRDA:337,18,1,1
BRDA:343,19,0,1
BRDA:343,19,1,0
BRDA:393,20,0,1
BRDA:393,20,1,0
BRDA:398,21,0,1
BRDA:398,21,1,1
BRF:54
BRH:52
end_of_record
TN:
SF:controllers\usuarioController.js
FN:5,(anonymous_0)
FN:11,(anonymous_1)
FN:35,(anonymous_2)
FN:70,(anonymous_3)
FN:121,(anonymous_4)
FN:166,(anonymous_5)
FN:208,(anonymous_6)
FN:231,(anonymous_7)
FN:259,(anonymous_8)
FN:281,(anonymous_9)
FN:313,(anonymous_10)
FNF:11
FNH:11
FNDA:21,(anonymous_0)
FNDA:4,(anonymous_1)
FNDA:6,(anonymous_2)
FNDA:6,(anonymous_3)
FNDA:6,(anonymous_4)
FNDA:3,(anonymous_5)
FNDA:2,(anonymous_6)
FNDA:6,(anonymous_7)
FNDA:5,(anonymous_8)
FNDA:8,(anonymous_9)
FNDA:10,(anonymous_10)
DA:1,1
DA:2,1
DA:3,1
DA:5,1
DA:6,21
DA:7,21
DA:8,21
DA:11,1
DA:12,4
DA:13,4
DA:14,4
DA:15,4
DA:26,2
DA:28,2
DA:29,2
DA:33,1
DA:35,1
DA:36,6
DA:37,6
DA:38,6
DA:39,6
DA:40,1
DA:43,5
DA:47,5
DA:48,1
DA:51,4
DA:53,4
DA:63,2
DA:65,2
DA:66,2
DA:67,2
DA:70,1
DA:71,6
DA:72,6
DA:73,6
DA:76,6
DA:77,6
DA:78,2
DA:81,4
DA:83,4
DA:87,4
DA:88,1
DA:92,3
DA:95,3
DA:111,1
DA:114,2
DA:116,2
DA:117,2
DA:121,1
DA:122,6
DA:123,6
DA:127,4
DA:128,1
DA:131,3
DA:132,1
DA:135,2
DA:137,2
DA:138,1
DA:141,1
DA:142,1
DA:143,1
DA:145,1
DA:154,1
DA:160,2
DA:161,2
DA:162,2
DA:166,1
DA:167,3
DA:169,3
DA:170,1
DA:173,2
DA:174,2
DA:177,2
DA:185,2
DA:186,1
DA:190,1
DA:191,1
DA:193,1
DA:201,1
DA:203,0
DA:204,0
DA:208,1
DA:209,2
DA:211,2
DA:212,1
DA:215,1
DA:216,1
DA:219,1
DA:224,1
DA:226,0
DA:227,0
DA:231,1
DA:232,6
DA:233,6
DA:234,6
DA:235,6
DA:236,1
DA:239,5
DA:240,5
DA:251,3
DA:253,2
DA:254,2
DA:255,2
DA:259,1
DA:260,5
DA:261,5
DA:263,4
DA:264,4
DA:265,4
DA:271,2
DA:276,2
DA:277,2
DA:281,1
DA:282,8
DA:283,8
DA:284,8
DA:285,8
DA:287,8
DA:288,2
DA:293,6
DA:298,4
DA:299,2
DA:301,2
DA:306,2
DA:307,2
DA:313,1
DA:314,10
DA:315,10
DA:316,10
DA:318,10
DA:319,10
DA:320,4
DA:323,6
DA:324,6
DA:325,6
DA:327,4
DA:328,4
DA:333,2
DA:335,2
LF:139
LH:135
BRDA:39,0,0,1
BRDA:39,0,1,5
BRDA:39,1,0,6
BRDA:39,1,1,2
BRDA:47,2,0,1
BRDA:47,2,1,4
BRDA:59,3,0,4
BRDA:59,3,1,3
BRDA:77,4,0,2
BRDA:77,4,1,4
BRDA:77,5,0,6
BRDA:77,5,1,5
BRDA:87,6,0,1
BRDA:87,6,1,3
BRDA:127,7,0,1
BRDA:127,7,1,3
BRDA:131,8,0,1
BRDA:131,8,1,2
BRDA:137,9,0,1
BRDA:137,9,1,1
BRDA:169,10,0,1
BRDA:169,10,1,2
BRDA:185,11,0,1
BRDA:185,11,1,1
BRDA:211,12,0,1
BRDA:211,12,1,1
BRDA:235,13,0,1
BRDA:235,13,1,5
BRDA:235,14,0,6
BRDA:235,14,1,2
BRDA:247,15,0,5
BRDA:247,15,1,4
BRDA:261,16,0,1
BRDA:261,16,1,4
BRDA:287,17,0,2
BRDA:287,17,1,6
BRDA:298,18,0,2
BRDA:298,18,1,2
BRDA:319,19,0,4
BRDA:319,19,1,6
BRDA:319,20,0,10
BRDA:319,20,1,8
BRDA:325,21,0,2
BRDA:325,21,1,4
BRF:44
BRH:44
end_of_record
TN:
SF:services\token.js
FN:10,(anonymous_0)
FN:16,(anonymous_1)
FN:22,(anonymous_2)
FN:44,(anonymous_3)
FNF:4
FNH:3
FNDA:0,(anonymous_0)
FNDA:5,(anonymous_1)
FNDA:4,(anonymous_2)
FNDA:4,(anonymous_3)
DA:1,5
DA:2,5
DA:3,5
DA:4,5
DA:6,5
DA:10,0
DA:17,5
DA:23,4
DA:24,4
DA:26,4
DA:38,4
DA:45,4
DA:46,4
DA:48,2
DA:55,2
DA:57,2
DA:58,2
DA:59,1
DA:61,1
LF:19
LH:18
BRDA:55,0,0,2
BRDA:55,0,1,1
BRDA:58,1,0,1
BRDA:58,1,1,1
BRF:4
BRH:4
end_of_record
TN:
SF:services\whatsappService.js
FN:23,esE164
FN:35,enviarPlantilla
FN:72,enviarMensajeTexto
FN:106,notificarIngresoEquipo
FN:178,notificarCambioEtapa
FNF:5
FNH:5
FNDA:15,esE164
FNDA:13,enviarPlantilla
FNDA:2,enviarMensajeTexto
FNDA:5,notificarIngresoEquipo
FNDA:9,notificarCambioEtapa
DA:1,1
DA:2,1
DA:4,1
DA:6,1
DA:9,1
DA:13,1
DA:16,1
DA:24,15
DA:36,13
DA:37,1
DA:38,1
DA:41,12
DA:42,12
DA:58,11
DA:59,11
DA:61,1
DA:62,1
DA:73,2
DA:74,1
DA:75,1
DA:78,1
DA:79,1
DA:91,1
DA:92,1
DA:94,0
DA:95,0
DA:107,5
DA:108,5
DA:116,4
DA:117,1
DA:118,1
DA:121,3
DA:130,3
DA:131,1
DA:132,1
DA:135,2
DA:136,2
DA:137,2
DA:139,2
DA:152,2
DA:153,4
DA:156,1
DA:179,9
DA:181,9
DA:182,1
DA:183,1
DA:187,8
DA:188,0
DA:189,0
DA:192,8
DA:203,7
DA:204,1
DA:205,1
DA:211,6
DA:212,6
DA:218,6
DA:223,6
DA:224,0
DA:225,0
DA:228,6
DA:229,6
DA:230,6
DA:231,6
DA:233,6
DA:250,6
DA:251,6
DA:254,1
DA:258,1
LF:68
LH:62
BRDA:36,0,0,1
BRDA:36,0,1,12
BRDA:61,1,0,1
BRDA:61,1,1,0
BRDA:73,2,0,1
BRDA:73,2,1,1
BRDA:94,3,0,0
BRDA:94,3,1,0
BRDA:116,4,0,1
BRDA:116,4,1,3
BRDA:130,5,0,1
BRDA:130,5,1,2
BRDA:145,6,0,2
BRDA:145,6,1,0
BRDA:147,7,0,2
BRDA:147,7,1,0
BRDA:181,8,0,1
BRDA:181,8,1,8
BRDA:181,9,0,9
BRDA:181,9,1,2
BRDA:187,10,0,0
BRDA:187,10,1,8
BRDA:203,11,0,1
BRDA:203,11,1,6
BRDA:214,12,0,2
BRDA:214,12,1,4
BRDA:223,13,0,0
BRDA:223,13,1,6
BRDA:230,14,0,6
BRDA:230,14,1,0
BRDA:231,15,0,6
BRDA:231,15,1,6
BRDA:231,15,2,0
BRDA:237,16,0,6
BRDA:237,16,1,0
BRDA:240,17,0,6
BRDA:240,17,1,0
BRDA:241,18,0,6
BRDA:241,18,1,0
BRDA:242,19,0,6
BRDA:242,19,1,0
BRDA:243,20,0,6
BRDA:243,20,1,0
BRDA:244,21,0,6
BRDA:244,21,1,0
BRF:45
BRH:30
end_of_record
TN:
SF:src\prisma-client.js
FN:10,(anonymous_0)
FNF:1
FNH:0
FNDA:0,(anonymous_0)
DA:1,1
DA:2,1
DA:4,1
DA:7,1
DA:10,1
DA:11,0
DA:20,1
LF:7
LH:6
BRF:0
BRH:0
end_of_record
TN:
SF:src\middleware\attachPrisma.js
FN:5,(anonymous_0)
FNF:1
FNH:1
FNDA:5,(anonymous_0)
DA:2,1
DA:3,1
DA:5,1
DA:6,5
DA:7,5
DA:8,5
DA:10,4
DA:11,3
DA:13,1
DA:14,1
DA:16,4
DA:17,4
DA:18,4
DA:22,1
LF:14
LH:14
BRDA:8,0,0,1
BRDA:8,0,1,4
BRDA:11,1,0,2
BRDA:11,1,1,1
BRF:4
BRH:4
end_of_record
TN:
SF:src\middleware\auth.js
FN:4,(anonymous_0)
FN:5,(anonymous_1)
FNF:2
FNH:2
FNDA:10,(anonymous_0)
FNDA:10,(anonymous_1)
DA:1,1
DA:2,1
DA:4,1
DA:5,10
DA:6,10
DA:8,10
DA:9,1
DA:12,9
DA:14,9
DA:15,1
DA:18,8
DA:19,3
DA:23,5
DA:26,5
DA:33,5
DA:37,1
LF:16
LH:16
BRDA:8,0,0,1
BRDA:8,0,1,9
BRDA:14,1,0,1
BRDA:14,1,1,8
BRDA:18,2,0,3
BRDA:18,2,1,5
BRF:6
BRH:6
end_of_record
TN:
SF:src\middleware\prisma-audit-extension.js
FN:6,(anonymous_0)
FN:10,(anonymous_1)
FNF:2
FNH:2
FNDA:8,(anonymous_0)
FNDA:7,(anonymous_1)
DA:1,2
DA:4,2
DA:6,2
DA:7,8
DA:12,7
DA:13,2
DA:16,5
DA:19,5
DA:20,2
DA:21,2
DA:30,5
DA:33,5
DA:34,5
DA:35,4
DA:39,5
DA:40,5
DA:51,1
DA:54,5
DA:61,2
LF:19
LH:19
BRDA:12,0,0,2
BRDA:12,0,1,5
BRDA:12,1,0,7
BRDA:12,1,1,6
BRDA:19,2,0,2
BRDA:19,2,1,3
BRDA:34,3,0,4
BRDA:34,3,1,1
BRDA:42,4,0,5
BRDA:42,4,1,1
BRDA:45,5,0,5
BRDA:45,5,1,0
BRDA:45,5,2,0
BRF:13
BRH:11
end_of_record
